<?xml version="1.0"?><coverage lines-covered="1663" lines-valid="3462" line-rate="0.4803581744656268" branches-covered="0" branches-valid="0" branch-rate="0" complexity="0" version="1.9" timestamp="1696947581"><sources><source>/home/ufo/workspaces/github_bitfinity_network/canister-sdk</source></sources><packages><package name="ic-log/src" line-rate="0.703862660944206" branch-rate="0" complexity="0"><classes><class name="lib" filename="ic-log/src/lib.rs" line-rate="0.5333333333333333" branch-rate="0" complexity="0"><methods/><lines><line number="74" hits="0"/><line number="75" hits="0"/><line number="79" hits="0"/><line number="80" hits="0"/><line number="81" hits="0"/><line number="85" hits="0"/><line number="86" hits="0"/><line number="87" hits="0"/><line number="91" hits="0"/><line number="92" hits="0"/><line number="93" hits="0"/><line number="98" hits="0"/><line number="99" hits="0"/><line number="100" hits="0"/><line number="104" hits="0"/><line number="105" hits="0"/><line number="106" hits="0"/><line number="123" hits="0"/><line number="124" hits="0"/><line number="125" hits="0"/><line number="142" hits="0"/><line number="143" hits="0"/><line number="144" hits="0"/><line number="164" hits="0"/><line number="165" hits="0"/><line number="166" hits="0"/><line number="174" hits="1"/><line number="175" hits="1"/><line number="176" hits="1"/><line number="180" hits="1"/><line number="181" hits="1"/><line number="182" hits="1"/><line number="194" hits="1"/><line number="195" hits="1"/><line number="197" hits="2"/><line number="198" hits="2"/><line number="199" hits="1"/><line number="200" hits="1"/><line number="207" hits="1"/><line number="208" hits="2"/><line number="210" hits="3"/><line number="211" hits="2"/><line number="213" hits="0"/><line number="217" hits="1"/><line number="218" hits="1"/><line number="219" hits="2"/><line number="220" hits="1"/><line number="222" hits="1"/><line number="237" hits="1"/><line number="238" hits="1"/><line number="239" hits="1"/><line number="240" hits="1"/><line number="241" hits="1"/><line number="248" hits="1"/><line number="249" hits="2"/><line number="253" hits="1"/><line number="254" hits="2"/><line number="259" hits="0"/><line number="260" hits="0"/><line number="263" hits="1"/><line number="264" hits="1"/><line number="275" hits="1"/><line number="278" hits="2"/><line number="279" hits="2"/><line number="280" hits="4"/><line number="283" hits="1"/><line number="286" hits="1"/><line number="287" hits="2"/><line number="288" hits="1"/><line number="290" hits="2"/><line number="293" hits="0"/><line number="299" hits="1"/><line number="303" hits="0"/><line number="308" hits="0"/><line number="317" hits="0"/><line number="318" hits="0"/><line number="319" hits="0"/><line number="325" hits="0"/><line number="326" hits="0"/><line number="327" hits="0"/><line number="350" hits="1"/><line number="351" hits="1"/><line number="354" hits="2"/><line number="355" hits="1"/><line number="358" hits="1"/><line number="359" hits="0"/><line number="360" hits="0"/><line number="363" hits="1"/><line number="367" hits="0"/><line number="368" hits="0"/></lines></class><class name="platform" filename="ic-log/src/platform.rs" line-rate="0.5714285714285714" branch-rate="0" complexity="0"><methods/><lines><line number="5" hits="1"/><line number="8" hits="1"/><line number="13" hits="0"/><line number="14" hits="0"/><line number="20" hits="1"/><line number="23" hits="1"/><line number="28" hits="0"/></lines></class><class name="writer" filename="ic-log/src/writer.rs" line-rate="0.8461538461538461" branch-rate="0" complexity="0"><methods/><lines><line number="21" hits="1"/><line number="22" hits="1"/><line number="27" hits="0"/><line number="28" hits="0"/><line number="29" hits="0"/><line number="31" hits="0"/><line number="39" hits="1"/><line number="40" hits="1"/><line number="41" hits="1"/><line number="50" hits="3"/><line number="58" hits="3"/><line number="59" hits="6"/><line number="60" hits="3"/><line number="64" hits="1"/><line number="65" hits="2"/><line number="66" hits="1"/><line number="67" hits="1"/><line number="68" hits="2"/><line number="69" hits="1"/><line number="70" hits="2"/><line number="76" hits="1"/><line number="82" hits="3"/><line number="83" hits="6"/><line number="84" hits="6"/><line number="86" hits="3"/><line number="88" hits="3"/></lines></class></classes></package><package name="ic-kit/examples" line-rate="0" branch-rate="0" complexity="0"><classes></classes></package><package name="ic-metrics/src" line-rate="0" branch-rate="0" complexity="0"><classes><class name="lib" filename="ic-metrics/src/lib.rs" line-rate="0" branch-rate="0" complexity="0"><methods/><lines><line number="76" hits="0"/><line number="77" hits="0"/><line number="81" hits="0"/><line number="82" hits="0"/><line number="85" hits="0"/><line number="86" hits="0"/><line number="87" hits="0"/><line number="88" hits="0"/><line number="93" hits="0"/><line number="95" hits="0"/><line number="98" hits="0"/><line number="99" hits="0"/><line number="101" hits="0"/><line number="102" hits="0"/><line number="106" hits="0"/><line number="107" hits="0"/><line number="114" hits="0"/><line number="115" hits="0"/><line number="119" hits="0"/><line number="155" hits="0"/><line number="156" hits="0"/><line number="157" hits="0"/><line number="158" hits="0"/><line number="159" hits="0"/><line number="160" hits="0"/><line number="161" hits="0"/><line number="165" hits="0"/><line number="178" hits="0"/><line number="182" hits="0"/><line number="186" hits="0"/><line number="187" hits="0"/><line number="190" hits="0"/><line number="191" hits="0"/><line number="192" hits="0"/><line number="193" hits="0"/><line number="194" hits="0"/><line number="197" hits="0"/><line number="198" hits="0"/><line number="199" hits="0"/><line number="200" hits="0"/><line number="202" hits="0"/><line number="204" hits="0"/><line number="207" hits="0"/><line number="208" hits="0"/><line number="209" hits="0"/><line number="210" hits="0"/><line number="215" hits="0"/><line number="216" hits="0"/><line number="220" hits="0"/></lines></class></classes></package><package name="ic-stable-structures/src/structure/stable_storage" line-rate="0.8785046728971962" branch-rate="0" complexity="0"><classes><class name="btreemap" filename="ic-stable-structures/src/structure/stable_storage/btreemap.rs" line-rate="0.92" branch-rate="0" complexity="0"><methods/><lines><line number="21" hits="8"/><line number="22" hits="8"/><line number="26" hits="2"/><line number="27" hits="2"/><line number="37" hits="4"/><line number="38" hits="4"/><line number="41" hits="7"/><line number="42" hits="7"/><line number="45" hits="2"/><line number="46" hits="2"/><line number="49" hits="3"/><line number="50" hits="3"/><line number="53" hits="1"/><line number="54" hits="1"/><line number="57" hits="1"/><line number="58" hits="1"/><line number="60" hits="3"/><line number="61" hits="2"/><line number="62" hits="2"/><line number="75" hits="0"/><line number="76" hits="0"/><line number="79" hits="2"/><line number="80" hits="2"/><line number="83" hits="2"/><line number="84" hits="2"/></lines></class><class name="cell" filename="ic-stable-structures/src/structure/stable_storage/cell.rs" line-rate="1" branch-rate="0" complexity="0"><methods/><lines><line number="11" hits="4"/><line number="12" hits="4"/><line number="17" hits="4"/><line number="18" hits="4"/><line number="21" hits="4"/><line number="22" hits="4"/><line number="23" hits="4"/></lines></class><class name="log" filename="ic-stable-structures/src/structure/stable_storage/log.rs" line-rate="0" branch-rate="0" complexity="0"><methods/><lines><line number="12" hits="0"/><line number="14" hits="0"/><line number="17" hits="0"/><line number="18" hits="0"/><line number="21" hits="0"/><line number="22" hits="0"/><line number="27" hits="0"/><line number="28" hits="0"/><line number="31" hits="0"/><line number="32" hits="0"/><line number="33" hits="0"/><line number="34" hits="0"/><line number="37" hits="0"/><line number="38" hits="0"/><line number="41" hits="0"/><line number="42" hits="0"/><line number="45" hits="0"/><line number="46" hits="0"/><line number="47" hits="0"/><line number="51" hits="0"/></lines></class><class name="multimap" filename="ic-stable-structures/src/structure/stable_storage/multimap.rs" line-rate="0.940677966101695" branch-rate="0" complexity="0"><methods/><lines><line number="46" hits="4"/><line number="47" hits="4"/><line number="62" hits="4"/><line number="63" hits="4"/><line number="64" hits="10"/><line number="67" hits="5"/><line number="68" hits="5"/><line number="69" hits="18"/><line number="72" hits="2"/><line number="73" hits="2"/><line number="75" hits="4"/><line number="78" hits="3"/><line number="79" hits="3"/><line number="80" hits="3"/><line number="82" hits="3"/><line number="83" hits="0"/><line number="84" hits="3"/><line number="85" hits="6"/><line number="88" hits="3"/><line number="89" hits="3"/><line number="90" hits="9"/><line number="92" hits="3"/><line number="95" hits="4"/><line number="96" hits="4"/><line number="99" hits="2"/><line number="100" hits="2"/><line number="103" hits="2"/><line number="104" hits="6"/><line number="105" hits="4"/><line number="106" hits="4"/><line number="110" hits="3"/><line number="111" hits="3"/><line number="112" hits="3"/><line number="114" hits="3"/><line number="115" hits="3"/><line number="118" hits="3"/><line number="119" hits="3"/><line number="130" hits="2"/><line number="132" hits="2"/><line number="133" hits="2"/><line number="140" hits="0"/><line number="141" hits="0"/><line number="148" hits="3"/><line number="149" hits="4"/><line number="154" hits="3"/><line number="155" hits="3"/><line number="167" hits="3"/><line number="168" hits="3"/><line number="169" hits="3"/><line number="171" hits="7"/><line number="172" hits="3"/><line number="174" hits="3"/><line number="175" hits="6"/><line number="176" hits="6"/><line number="177" hits="3"/><line number="178" hits="3"/><line number="182" hits="3"/><line number="187" hits="2"/><line number="188" hits="2"/><line number="189" hits="2"/><line number="193" hits="2"/><line number="194" hits="3"/><line number="196" hits="5"/><line number="198" hits="2"/><line number="199" hits="4"/><line number="200" hits="4"/><line number="201" hits="2"/><line number="205" hits="2"/><line number="211" hits="2"/><line number="212" hits="2"/><line number="214" hits="4"/><line number="216" hits="2"/><line number="217" hits="4"/><line number="218" hits="4"/><line number="219" hits="2"/><line number="220" hits="2"/><line number="224" hits="2"/><line number="229" hits="2"/><line number="230" hits="2"/><line number="231" hits="2"/><line number="234" hits="3"/><line number="235" hits="3"/><line number="238" hits="0"/><line number="243" hits="0"/><line number="244" hits="6"/><line number="245" hits="0"/><line number="246" hits="0"/><line number="250" hits="3"/><line number="251" hits="3"/><line number="252" hits="3"/><line number="253" hits="3"/><line number="254" hits="3"/><line number="263" hits="3"/><line number="264" hits="3"/><line number="267" hits="3"/><line number="268" hits="6"/><line number="271" hits="3"/><line number="291" hits="3"/><line number="292" hits="4"/><line number="297" hits="4"/><line number="298" hits="4"/><line number="303" hits="4"/><line number="304" hits="4"/><line number="307" hits="4"/><line number="308" hits="7"/><line number="335" hits="3"/><line number="352" hits="3"/><line number="353" hits="3"/><line number="355" hits="6"/><line number="373" hits="3"/><line number="374" hits="3"/><line number="387" hits="3"/><line number="388" hits="9"/><line number="389" hits="6"/><line number="390" hits="6"/><line number="391" hits="3"/><line number="407" hits="1"/><line number="408" hits="1"/></lines></class><class name="unbounded" filename="ic-stable-structures/src/structure/stable_storage/unbounded.rs" line-rate="0.928" branch-rate="0" complexity="0"><methods/><lines><line number="37" hits="14"/><line number="39" hits="9"/><line number="44" hits="10"/><line number="45" hits="7"/><line number="46" hits="17"/><line number="48" hits="29"/><line number="49" hits="17"/><line number="50" hits="19"/><line number="51" hits="11"/><line number="54" hits="20"/><line number="58" hits="9"/><line number="59" hits="6"/><line number="64" hits="1"/><line number="65" hits="1"/><line number="66" hits="1"/><line number="67" hits="1"/><line number="68" hits="1"/><line number="69" hits="1"/><line number="71" hits="0"/><line number="76" hits="2"/><line number="88" hits="2"/><line number="89" hits="2"/><line number="90" hits="4"/><line number="91" hits="2"/><line number="92" hits="2"/><line number="94" hits="4"/><line number="95" hits="5"/><line number="96" hits="2"/><line number="99" hits="2"/><line number="100" hits="2"/><line number="103" hits="5"/><line number="106" hits="7"/><line number="108" hits="9"/><line number="110" hits="17"/><line number="112" hits="8"/><line number="115" hits="7"/><line number="116" hits="10"/><line number="117" hits="17"/><line number="118" hits="11"/><line number="119" hits="0"/><line number="120" hits="8"/><line number="121" hits="8"/><line number="124" hits="17"/><line number="125" hits="7"/><line number="128" hits="4"/><line number="129" hits="12"/><line number="132" hits="8"/><line number="133" hits="8"/><line number="136" hits="8"/><line number="138" hits="8"/><line number="141" hits="3"/><line number="142" hits="3"/><line number="145" hits="1"/><line number="146" hits="1"/><line number="149" hits="6"/><line number="150" hits="26"/><line number="151" hits="16"/><line number="152" hits="17"/><line number="154" hits="6"/><line number="179" hits="6"/><line number="181" hits="10"/><line number="188" hits="0"/><line number="189" hits="0"/><line number="196" hits="4"/><line number="197" hits="3"/><line number="202" hits="7"/><line number="203" hits="6"/><line number="212" hits="7"/><line number="213" hits="10"/><line number="214" hits="17"/><line number="216" hits="7"/><line number="217" hits="10"/><line number="218" hits="8"/><line number="219" hits="18"/><line number="220" hits="10"/><line number="221" hits="8"/><line number="229" hits="10"/><line number="230" hits="18"/><line number="233" hits="8"/><line number="234" hits="10"/><line number="236" hits="8"/><line number="237" hits="10"/><line number="240" hits="7"/><line number="241" hits="12"/><line number="244" hits="8"/><line number="246" hits="12"/><line number="251" hits="8"/><line number="253" hits="20"/><line number="256" hits="2"/><line number="257" hits="2"/><line number="258" hits="2"/><line number="259" hits="2"/><line number="263" hits="2"/><line number="264" hits="2"/><line number="269" hits="7"/><line number="270" hits="10"/><line number="273" hits="0"/><line number="278" hits="0"/><line number="279" hits="17"/><line number="280" hits="0"/><line number="281" hits="0"/><line number="287" hits="10"/><line number="288" hits="6"/><line number="291" hits="5"/><line number="293" hits="12"/><line number="311" hits="7"/><line number="318" hits="4"/><line number="319" hits="4"/><line number="322" hits="7"/><line number="323" hits="9"/><line number="328" hits="11"/><line number="329" hits="7"/><line number="332" hits="8"/><line number="334" hits="18"/><line number="361" hits="9"/><line number="362" hits="15"/><line number="363" hits="16"/><line number="365" hits="16"/><line number="366" hits="4"/><line number="367" hits="0"/><line number="370" hits="7"/><line number="371" hits="1"/><line number="374" hits="10"/><line number="375" hits="16"/><line number="376" hits="17"/></lines></class><class name="vec" filename="ic-stable-structures/src/structure/stable_storage/vec.rs" line-rate="0.9615384615384616" branch-rate="0" complexity="0"><methods/><lines><line number="12" hits="5"/><line number="13" hits="5"/><line number="17" hits="1"/><line number="18" hits="1"/><line number="21" hits="5"/><line number="22" hits="5"/><line number="25" hits="4"/><line number="26" hits="4"/><line number="31" hits="1"/><line number="32" hits="1"/><line number="35" hits="4"/><line number="36" hits="4"/><line number="37" hits="0"/><line number="41" hits="8"/><line number="42" hits="4"/><line number="45" hits="4"/><line number="46" hits="4"/><line number="49" hits="2"/><line number="50" hits="2"/><line number="51" hits="2"/><line number="54" hits="5"/><line number="55" hits="5"/><line number="58" hits="5"/><line number="59" hits="5"/><line number="62" hits="1"/><line number="63" hits="1"/></lines></class></classes></package><package name="ic-stable-structures/tests/state_machine" line-rate="0" branch-rate="0" complexity="0"><classes><class name="mod" filename="ic-stable-structures/tests/state_machine/mod.rs" line-rate="0" branch-rate="0" complexity="0"><methods/><lines><line number="41" hits="0"/><line number="42" hits="0"/><line number="43" hits="0"/><line number="44" hits="0"/><line number="46" hits="0"/><line number="47" hits="0"/><line number="50" hits="0"/><line number="63" hits="0"/><line number="64" hits="0"/><line number="65" hits="0"/><line number="66" hits="0"/><line number="68" hits="0"/><line number="69" hits="0"/><line number="72" hits="0"/><line number="208" hits="0"/><line number="209" hits="0"/><line number="210" hits="0"/><line number="213" hits="0"/><line number="214" hits="0"/><line number="215" hits="0"/><line number="216" hits="0"/><line number="217" hits="0"/><line number="218" hits="0"/><line number="219" hits="0"/><line number="221" hits="0"/><line number="223" hits="0"/><line number="224" hits="0"/><line number="226" hits="0"/><line number="228" hits="0"/><line number="230" hits="0"/></lines></class></classes></package><package name="ic-storage/ic-storage-derive/src" line-rate="0" branch-rate="0" complexity="0"><classes><class name="lib" filename="ic-storage/ic-storage-derive/src/lib.rs" line-rate="0" branch-rate="0" complexity="0"><methods/><lines><line number="7" hits="0"/><line number="8" hits="0"/><line number="9" hits="0"/><line number="45" hits="0"/></lines></class></classes></package><package name="ic-canister/ic-canister/src" line-rate="0.2876712328767123" branch-rate="0" complexity="0"><classes><class name="idl" filename="ic-canister/ic-canister/src/idl.rs" line-rate="0" branch-rate="0" complexity="0"><methods/><lines><line number="14" hits="0"/><line number="15" hits="0"/><line number="20" hits="0"/><line number="24" hits="0"/><line number="25" hits="0"/><line number="26" hits="0"/><line number="29" hits="0"/><line number="30" hits="0"/><line number="31" hits="0"/><line number="32" hits="0"/><line number="33" hits="0"/><line number="34" hits="0"/><line number="35" hits="0"/><line number="36" hits="0"/><line number="37" hits="0"/><line number="41" hits="0"/><line number="45" hits="0"/><line number="46" hits="0"/><line number="47" hits="0"/><line number="48" hits="0"/><line number="49" hits="0"/><line number="50" hits="0"/><line number="51" hits="0"/><line number="52" hits="0"/><line number="56" hits="0"/><line number="60" hits="0"/><line number="61" hits="0"/><line number="62" hits="0"/><line number="63" hits="0"/><line number="65" hits="0"/><line number="66" hits="0"/><line number="68" hits="0"/><line number="69" hits="0"/></lines></class><class name="lib" filename="ic-canister/ic-canister/src/lib.rs" line-rate="0.525" branch-rate="0" complexity="0"><methods/><lines><line number="537" hits="0"/><line number="538" hits="0"/><line number="539" hits="0"/><line number="540" hits="0"/><line number="541" hits="0"/><line number="542" hits="0"/><line number="548" hits="0"/><line number="549" hits="0"/><line number="550" hits="0"/><line number="551" hits="0"/><line number="552" hits="0"/><line number="558" hits="0"/><line number="593" hits="12"/><line number="602" hits="41"/><line number="607" hits="82"/><line number="608" hits="123"/><line number="610" hits="41"/><line number="616" hits="11"/><line number="621" hits="34"/><line number="622" hits="68"/><line number="624" hits="23"/><line number="626" hits="22"/><line number="627" hits="1"/><line number="628" hits="1"/><line number="629" hits="3"/><line number="631" hits="2"/><line number="634" hits="2"/><line number="648" hits="23"/><line number="654" hits="34"/><line number="655" hits="44"/><line number="657" hits="0"/><line number="658" hits="0"/><line number="661" hits="22"/><line number="662" hits="23"/><line number="664" hits="0"/><line number="665" hits="0"/><line number="670" hits="23"/><line number="675" hits="0"/><line number="680" hits="0"/><line number="681" hits="0"/></lines></class></classes></package><package name="ic-crypto-getrandom-for-wasm/src" line-rate="0" branch-rate="0" complexity="0"><classes></classes></package><package name="icrc-ledger-types/src/icrc2" line-rate="0" branch-rate="0" complexity="0"><classes></classes></package><package name="ic-helpers/src/principal" line-rate="0" branch-rate="0" complexity="0"><classes><class name="management" filename="ic-helpers/src/principal/management.rs" line-rate="0" branch-rate="0" complexity="0"><methods/><lines><line number="259" hits="0"/><line number="260" hits="0"/><line number="262" hits="0"/><line number="263" hits="0"/><line number="264" hits="0"/><line number="265" hits="0"/><line number="266" hits="0"/><line number="270" hits="0"/></lines></class></classes></package><package name="ic-canister-client/src/agent" line-rate="0" branch-rate="0" complexity="0"><classes><class name="mod" filename="ic-canister-client/src/agent/mod.rs" line-rate="0" branch-rate="0" complexity="0"><methods/><lines><line number="60" hits="0"/><line number="62" hits="0"/><line number="63" hits="0"/><line number="64" hits="0"/><line number="66" hits="0"/><line number="67" hits="0"/><line number="68" hits="0"/><line number="76" hits="0"/><line number="77" hits="0"/><line number="78" hits="0"/><line number="79" hits="0"/><line number="81" hits="0"/><line number="82" hits="0"/><line number="83" hits="0"/><line number="88" hits="0"/><line number="89" hits="0"/></lines></class></classes></package><package name="ic-payments/tests" line-rate="1" branch-rate="0" complexity="0"><classes><class name="double_step" filename="ic-payments/tests/double_step.rs" line-rate="1" branch-rate="0" complexity="0"><methods/><lines><line number="183" hits="1"/><line number="188" hits="2"/><line number="189" hits="4"/><line number="191" hits="2"/><line number="193" hits="6"/><line number="194" hits="1"/><line number="195" hits="2"/><line number="196" hits="2"/><line number="200" hits="2"/><line number="202" hits="2"/></lines></class></classes></package><package name="icrc-ledger-types/src/icrc" line-rate="0.5365853658536586" branch-rate="0" complexity="0"><classes><class name="generic_metadata_value" filename="icrc-ledger-types/src/icrc/generic_metadata_value.rs" line-rate="0" branch-rate="0" complexity="0"><methods/><lines><line number="20" hits="0"/><line number="21" hits="0"/><line number="26" hits="0"/><line number="27" hits="0"/><line number="32" hits="0"/><line number="33" hits="0"/><line number="38" hits="0"/><line number="39" hits="0"/><line number="44" hits="0"/><line number="45" hits="0"/><line number="50" hits="0"/><line number="51" hits="0"/><line number="56" hits="0"/><line number="57" hits="0"/><line number="62" hits="0"/><line number="63" hits="0"/><line number="68" hits="0"/><line number="69" hits="0"/></lines></class><class name="generic_value" filename="icrc-ledger-types/src/icrc/generic_value.rs" line-rate="0.6875" branch-rate="0" complexity="0"><methods/><lines><line number="25" hits="1"/><line number="26" hits="2"/><line number="29" hits="1"/><line number="30" hits="1"/><line number="34" hits="1"/><line number="35" hits="1"/><line number="36" hits="0"/><line number="37" hits="0"/><line number="38" hits="0"/><line number="39" hits="0"/><line number="41" hits="0"/><line number="42" hits="0"/><line number="43" hits="0"/><line number="44" hits="0"/><line number="46" hits="0"/><line number="47" hits="0"/><line number="51" hits="0"/><line number="54" hits="0"/><line number="55" hits="0"/><line number="56" hits="0"/><line number="58" hits="0"/><line number="60" hits="1"/><line number="61" hits="1"/><line number="62" hits="0"/><line number="63" hits="0"/><line number="64" hits="0"/><line number="65" hits="0"/><line number="67" hits="0"/><line number="69" hits="1"/><line number="70" hits="1"/><line number="71" hits="3"/><line number="72" hits="2"/><line number="73" hits="1"/><line number="76" hits="2"/><line number="78" hits="1"/><line number="79" hits="2"/><line number="80" hits="2"/><line number="81" hits="1"/><line number="83" hits="2"/><line number="91" hits="1"/><line number="92" hits="1"/><line number="93" hits="1"/><line number="95" hits="1"/><line number="96" hits="2"/><line number="98" hits="1"/><line number="99" hits="1"/><line number="101" hits="1"/><line number="102" hits="2"/><line number="103" hits="1"/><line number="105" hits="2"/><line number="106" hits="2"/><line number="114" hits="1"/><line number="115" hits="1"/><line number="116" hits="1"/><line number="117" hits="1"/><line number="118" hits="2"/><line number="120" hits="1"/><line number="122" hits="1"/><line number="123" hits="2"/><line number="124" hits="2"/><line number="125" hits="1"/><line number="128" hits="1"/><line number="129" hits="2"/><line number="130" hits="2"/></lines></class></classes></package><package name="ic-canister/tests/canister-c/src" line-rate="0" branch-rate="0" complexity="0"><classes></classes></package><package name="ic-stable-structures/tests/dummy_canister/src" line-rate="0" branch-rate="0" complexity="0"><classes><class name="canister" filename="ic-stable-structures/tests/dummy_canister/src/canister.rs" line-rate="0" branch-rate="0" complexity="0"><methods/><lines><line number="18" hits="0"/><line number="19" hits="0"/><line number="20" hits="0"/><line number="23" hits="0"/><line number="24" hits="0"/><line number="25" hits="0"/><line number="28" hits="0"/><line number="29" hits="0"/><line number="30" hits="0"/><line number="33" hits="0"/><line number="34" hits="0"/><line number="35" hits="0"/><line number="38" hits="0"/><line number="39" hits="0"/><line number="40" hits="0"/><line number="41" hits="0"/><line number="44" hits="0"/><line number="45" hits="0"/><line number="46" hits="0"/><line number="49" hits="0"/><line number="50" hits="0"/><line number="51" hits="0"/><line number="54" hits="0"/><line number="55" hits="0"/><line number="56" hits="0"/><line number="59" hits="0"/><line number="60" hits="0"/><line number="61" hits="0"/><line number="64" hits="0"/><line number="65" hits="0"/><line number="66" hits="0"/><line number="69" hits="0"/><line number="70" hits="0"/><line number="71" hits="0"/><line number="74" hits="0"/><line number="75" hits="0"/><line number="76" hits="0"/><line number="79" hits="0"/><line number="80" hits="0"/><line number="81" hits="0"/><line number="84" hits="0"/><line number="85" hits="0"/><line number="86" hits="0"/><line number="89" hits="0"/><line number="90" hits="0"/><line number="91" hits="0"/><line number="94" hits="0"/><line number="95" hits="0"/></lines></class><class name="main" filename="ic-stable-structures/tests/dummy_canister/src/main.rs" line-rate="0" branch-rate="0" complexity="0"><methods/><lines><line number="5" hits="0"/><line number="6" hits="0"/><line number="7" hits="0"/><line number="10" hits="0"/></lines></class></classes></package><package name="ic-test-utils/src/canister" line-rate="0" branch-rate="0" complexity="0"><classes><class name="management" filename="ic-test-utils/src/canister/management.rs" line-rate="0" branch-rate="0" complexity="0"><methods/><lines><line number="65" hits="0"/><line number="66" hits="0"/><line number="67" hits="0"/><line number="82" hits="0"/><line number="85" hits="0"/><line number="86" hits="0"/><line number="87" hits="0"/><line number="88" hits="0"/><line number="90" hits="0"/><line number="92" hits="0"/><line number="104" hits="0"/><line number="105" hits="0"/><line number="117" hits="0"/><line number="118" hits="0"/><line number="130" hits="0"/><line number="131" hits="0"/><line number="135" hits="0"/><line number="140" hits="0"/><line number="141" hits="0"/><line number="142" hits="0"/><line number="143" hits="0"/><line number="145" hits="0"/><line number="146" hits="0"/><line number="151" hits="0"/><line number="156" hits="0"/><line number="157" hits="0"/><line number="158" hits="0"/><line number="159" hits="0"/><line number="161" hits="0"/><line number="162" hits="0"/></lines></class><class name="mod" filename="ic-test-utils/src/canister/mod.rs" line-rate="0" branch-rate="0" complexity="0"><methods/><lines><line number="38" hits="0"/><line number="47" hits="0"/><line number="48" hits="0"/><line number="57" hits="0"/><line number="58" hits="0"/><line number="59" hits="0"/><line number="60" hits="0"/><line number="62" hits="0"/><line number="66" hits="0"/><line number="67" hits="0"/></lines></class><class name="wallet" filename="ic-test-utils/src/canister/wallet.rs" line-rate="0" branch-rate="0" complexity="0"><methods/><lines><line number="48" hits="0"/><line number="49" hits="0"/><line number="50" hits="0"/><line number="51" hits="0"/><line number="52" hits="0"/><line number="53" hits="0"/><line number="55" hits="0"/><line number="58" hits="0"/><line number="59" hits="0"/><line number="61" hits="0"/><line number="64" hits="0"/><line number="68" hits="0"/><line number="69" hits="0"/><line number="107" hits="0"/><line number="108" hits="0"/><line number="109" hits="0"/><line number="110" hits="0"/><line number="114" hits="0"/><line number="115" hits="0"/><line number="116" hits="0"/><line number="117" hits="0"/><line number="118" hits="0"/><line number="119" hits="0"/><line number="120" hits="0"/><line number="121" hits="0"/><line number="125" hits="0"/><line number="127" hits="0"/><line number="128" hits="0"/><line number="129" hits="0"/><line number="132" hits="0"/><line number="133" hits="0"/><line number="134" hits="0"/><line number="135" hits="0"/><line number="136" hits="0"/><line number="137" hits="0"/><line number="138" hits="0"/><line number="166" hits="0"/><line number="167" hits="0"/><line number="168" hits="0"/><line number="171" hits="0"/><line number="178" hits="0"/><line number="179" hits="0"/><line number="180" hits="0"/><line number="181" hits="0"/><line number="194" hits="0"/><line number="204" hits="0"/><line number="205" hits="0"/><line number="206" hits="0"/><line number="208" hits="0"/><line number="227" hits="0"/><line number="237" hits="0"/><line number="238" hits="0"/><line number="239" hits="0"/><line number="241" hits="0"/></lines></class></classes></package><package name="ic-kit/src/interfaces" line-rate="0.5" branch-rate="0" complexity="0"><classes><class name="mod" filename="ic-kit/src/interfaces/mod.rs" line-rate="0.5" branch-rate="0" complexity="0"><methods/><lines><line number="14" hits="0"/><line number="15" hits="0"/><line number="19" hits="1"/><line number="24" hits="1"/></lines></class></classes></package><package name="ic-canister/tests/canister-e/src" line-rate="0" branch-rate="0" complexity="0"><classes></classes></package><package name="ic-payments/src" line-rate="0.8372781065088757" branch-rate="0" complexity="0"><classes><class name="error" filename="ic-payments/src/error.rs" line-rate="0.6" branch-rate="0" complexity="0"><methods/><lines><line number="114" hits="20"/><line number="115" hits="10"/><line number="117" hits="1"/><line number="121" hits="2"/><line number="126" hits="8"/><line number="136" hits="8"/><line number="137" hits="7"/><line number="145" hits="7"/><line number="147" hits="2"/><line number="153" hits="7"/><line number="154" hits="7"/><line number="155" hits="8"/><line number="156" hits="0"/><line number="157" hits="0"/><line number="158" hits="0"/><line number="159" hits="0"/><line number="165" hits="0"/><line number="166" hits="0"/><line number="167" hits="0"/><line number="168" hits="0"/></lines></class><class name="icrc1" filename="ic-payments/src/icrc1.rs" line-rate="0.8571428571428571" branch-rate="0" complexity="0"><methods/><lines><line number="22" hits="12"/><line number="23" hits="14"/><line number="27" hits="11"/><line number="39" hits="11"/><line number="40" hits="23"/><line number="45" hits="146"/><line number="47" hits="51"/><line number="49" hits="6"/><line number="51" hits="6"/><line number="52" hits="5"/><line number="57" hits="0"/><line number="74" hits="0"/><line number="79" hits="5"/><line number="80" hits="8"/></lines></class><class name="lib" filename="ic-payments/src/lib.rs" line-rate="1" branch-rate="0" complexity="0"><methods/><lines><line number="145" hits="19"/><line number="146" hits="19"/><line number="147" hits="2"/><line number="149" hits="19"/></lines></class><class name="recovery_list" filename="ic-payments/src/recovery_list.rs" line-rate="1" branch-rate="0" complexity="0"><methods/><lines><line number="20" hits="6"/><line number="23" hits="6"/><line number="30" hits="5"/><line number="31" hits="6"/><line number="36" hits="5"/><line number="37" hits="8"/><line number="40" hits="9"/><line number="41" hits="6"/><line number="42" hits="15"/><line number="43" hits="9"/><line number="56" hits="8"/><line number="57" hits="5"/><line number="58" hits="8"/><line number="61" hits="6"/><line number="62" hits="15"/><line number="78" hits="14"/><line number="82" hits="29"/><line number="83" hits="18"/><line number="84" hits="47"/><line number="85" hits="13"/><line number="87" hits="13"/><line number="93" hits="6"/><line number="94" hits="12"/><line number="95" hits="7"/><line number="96" hits="5"/><line number="103" hits="16"/><line number="107" hits="4"/><line number="108" hits="12"/><line number="109" hits="20"/><line number="110" hits="8"/><line number="111" hits="8"/><line number="115" hits="3"/><line number="116" hits="15"/></lines></class><class name="token_terminal" filename="ic-payments/src/token_terminal.rs" line-rate="0.7724550898203593" branch-rate="0" complexity="0"><methods/><lines><line number="103" hits="17"/><line number="104" hits="0"/><line number="141" hits="1"/><line number="146" hits="1"/><line number="155" hits="0"/><line number="156" hits="0"/><line number="157" hits="0"/><line number="158" hits="0"/><line number="180" hits="1"/><line number="185" hits="1"/><line number="186" hits="2"/><line number="187" hits="1"/><line number="190" hits="0"/><line number="191" hits="1"/><line number="192" hits="1"/><line number="193" hits="1"/><line number="194" hits="1"/><line number="196" hits="1"/><line number="197" hits="2"/><line number="198" hits="2"/><line number="200" hits="3"/><line number="202" hits="1"/><line number="210" hits="2"/><line number="215" hits="2"/><line number="216" hits="4"/><line number="217" hits="2"/><line number="220" hits="8"/><line number="222" hits="2"/><line number="223" hits="4"/><line number="225" hits="4"/><line number="226" hits="4"/><line number="228" hits="4"/><line number="230" hits="4"/><line number="232" hits="1"/><line number="241" hits="75"/><line number="247" hits="32"/><line number="248" hits="46"/><line number="251" hits="29"/><line number="258" hits="12"/><line number="259" hits="6"/><line number="260" hits="0"/><line number="261" hits="12"/><line number="262" hits="5"/><line number="265" hits="6"/><line number="270" hits="9"/><line number="275" hits="18"/><line number="276" hits="0"/><line number="277" hits="1"/><line number="278" hits="1"/><line number="279" hits="0"/><line number="280" hits="0"/><line number="282" hits="1"/><line number="285" hits="0"/><line number="286" hits="18"/><line number="287" hits="3"/><line number="290" hits="15"/><line number="295" hits="47"/><line number="296" hits="0"/><line number="297" hits="8"/><line number="298" hits="8"/><line number="299" hits="5"/><line number="302" hits="16"/><line number="306" hits="0"/><line number="307" hits="0"/><line number="311" hits="1"/><line number="312" hits="0"/><line number="316" hits="1"/><line number="317" hits="1"/><line number="321" hits="0"/><line number="322" hits="0"/><line number="327" hits="2"/><line number="328" hits="4"/><line number="329" hits="2"/><line number="334" hits="1"/><line number="335" hits="1"/><line number="336" hits="1"/><line number="339" hits="2"/><line number="340" hits="4"/><line number="341" hits="2"/><line number="342" hits="1"/><line number="346" hits="4"/><line number="347" hits="4"/><line number="350" hits="5"/><line number="351" hits="5"/><line number="362" hits="17"/><line number="363" hits="4"/><line number="364" hits="10"/><line number="365" hits="9"/><line number="366" hits="18"/><line number="369" hits="0"/><line number="373" hits="3"/><line number="376" hits="27"/><line number="377" hits="13"/><line number="378" hits="17"/><line number="379" hits="10"/><line number="381" hits="6"/><line number="384" hits="3"/><line number="387" hits="11"/><line number="392" hits="47"/><line number="393" hits="7"/><line number="394" hits="13"/><line number="396" hits="0"/><line number="397" hits="8"/><line number="399" hits="2"/><line number="400" hits="4"/><line number="401" hits="4"/><line number="403" hits="24"/><line number="407" hits="8"/><line number="412" hits="26"/><line number="413" hits="3"/><line number="414" hits="6"/><line number="416" hits="0"/><line number="417" hits="0"/><line number="418" hits="0"/><line number="420" hits="0"/><line number="421" hits="0"/><line number="422" hits="0"/><line number="423" hits="0"/><line number="424" hits="0"/><line number="425" hits="0"/><line number="427" hits="0"/><line number="428" hits="8"/><line number="430" hits="3"/><line number="434" hits="2"/><line number="440" hits="0"/><line number="441" hits="4"/><line number="442" hits="5"/><line number="443" hits="3"/><line number="445" hits="2"/><line number="448" hits="1"/><line number="449" hits="1"/><line number="450" hits="1"/><line number="452" hits="1"/><line number="453" hits="2"/><line number="456" hits="2"/><line number="459" hits="6"/><line number="460" hits="2"/><line number="461" hits="0"/><line number="462" hits="0"/><line number="463" hits="0"/><line number="465" hits="1"/><line number="469" hits="3"/><line number="470" hits="9"/><line number="473" hits="11"/><line number="474" hits="4"/><line number="475" hits="0"/><line number="477" hits="4"/><line number="479" hits="2"/><line number="480" hits="5"/><line number="481" hits="1"/><line number="482" hits="1"/><line number="484" hits="1"/><line number="485" hits="2"/><line number="486" hits="1"/><line number="488" hits="4"/><line number="489" hits="1"/><line number="490" hits="3"/><line number="496" hits="0"/><line number="497" hits="0"/><line number="503" hits="0"/><line number="506" hits="0"/><line number="517" hits="1"/><line number="518" hits="1"/><line number="519" hits="1"/><line number="520" hits="1"/><line number="521" hits="1"/><line number="522" hits="1"/></lines></class><class name="transfer" filename="ic-payments/src/transfer.rs" line-rate="0.93" branch-rate="0" complexity="0"><methods/><lines><line number="96" hits="17"/><line number="103" hits="36"/><line number="104" hits="19"/><line number="111" hits="20"/><line number="125" hits="1"/><line number="130" hits="10"/><line number="131" hits="4"/><line number="132" hits="14"/><line number="133" hits="0"/><line number="137" hits="10"/><line number="143" hits="1"/><line number="145" hits="1"/><line number="154" hits="79"/><line number="156" hits="23"/><line number="157" hits="11"/><line number="158" hits="34"/><line number="159" hits="34"/><line number="160" hits="40"/><line number="161" hits="11"/><line number="162" hits="23"/><line number="164" hits="28"/><line number="167" hits="10"/><line number="170" hits="12"/><line number="171" hits="10"/><line number="172" hits="12"/><line number="173" hits="11"/><line number="174" hits="12"/><line number="175" hits="11"/><line number="176" hits="12"/><line number="177" hits="11"/><line number="179" hits="12"/><line number="180" hits="11"/><line number="181" hits="12"/><line number="182" hits="11"/><line number="184" hits="12"/><line number="187" hits="17"/><line number="188" hits="26"/><line number="189" hits="10"/><line number="190" hits="3"/><line number="191" hits="4"/><line number="196" hits="12"/><line number="199" hits="24"/><line number="204" hits="23"/><line number="205" hits="20"/><line number="206" hits="16"/><line number="207" hits="3"/><line number="208" hits="2"/><line number="215" hits="2"/><line number="216" hits="2"/><line number="217" hits="2"/><line number="218" hits="0"/><line number="222" hits="4"/><line number="225" hits="10"/><line number="229" hits="12"/><line number="230" hits="24"/><line number="231" hits="1"/><line number="232" hits="1"/><line number="236" hits="25"/><line number="237" hits="0"/><line number="238" hits="0"/><line number="239" hits="0"/><line number="240" hits="0"/><line number="245" hits="25"/><line number="255" hits="24"/><line number="256" hits="12"/><line number="257" hits="10"/><line number="258" hits="20"/><line number="262" hits="2"/><line number="263" hits="1"/><line number="267" hits="4"/><line number="268" hits="4"/><line number="271" hits="17"/><line number="272" hits="17"/><line number="273" hits="17"/><line number="274" hits="0"/><line number="279" hits="24"/><line number="280" hits="12"/><line number="281" hits="37"/><line number="282" hits="38"/><line number="283" hits="1"/><line number="284" hits="3"/><line number="285" hits="2"/><line number="292" hits="8"/><line number="293" hits="8"/><line number="297" hits="5"/><line number="298" hits="5"/><line number="302" hits="1"/><line number="310" hits="3"/><line number="316" hits="1"/><line number="324" hits="23"/><line number="325" hits="11"/><line number="329" hits="9"/><line number="336" hits="5"/><line number="337" hits="7"/><line number="338" hits="6"/><line number="339" hits="4"/><line number="340" hits="2"/><line number="342" hits="4"/><line number="343" hits="2"/><line number="346" hits="6"/></lines></class></classes></package><package name="ic-stable-structures/src" line-rate="0.8244897959183674" branch-rate="0" complexity="0"><classes><class name="error" filename="ic-stable-structures/src/error.rs" line-rate="0" branch-rate="0" complexity="0"><methods/><lines><line number="21" hits="0"/><line number="22" hits="0"/><line number="23" hits="0"/><line number="24" hits="0"/><line number="30" hits="0"/><line number="32" hits="0"/><line number="38" hits="0"/><line number="39" hits="0"/><line number="40" hits="0"/><line number="41" hits="0"/><line number="47" hits="0"/><line number="49" hits="0"/><line number="54" hits="0"/><line number="55" hits="0"/><line number="56" hits="0"/><line number="57" hits="0"/><line number="58" hits="0"/><line number="65" hits="0"/><line number="66" hits="0"/></lines></class><class name="memory_utils" filename="ic-stable-structures/src/memory_utils.rs" line-rate="1" branch-rate="0" complexity="0"><methods/><lines><line number="18" hits="6"/><line number="22" hits="29"/></lines></class></classes></package><package name="ic-stable-structures/src/structure/cache" line-rate="0.8545454545454545" branch-rate="0" complexity="0"><classes><class name="btreemap" filename="ic-stable-structures/src/structure/cache/btreemap.rs" line-rate="0.918918918918919" branch-rate="0" complexity="0"><methods/><lines><line number="25" hits="6"/><line number="26" hits="6"/><line number="30" hits="6"/><line number="33" hits="6"/><line number="48" hits="1"/><line number="49" hits="1"/><line number="50" hits="2"/><line number="51" hits="4"/><line number="52" hits="0"/><line number="53" hits="6"/><line number="54" hits="3"/><line number="55" hits="1"/><line number="60" hits="5"/><line number="61" hits="10"/><line number="62" hits="1"/><line number="63" hits="3"/><line number="64" hits="2"/><line number="66" hits="5"/><line number="70" hits="1"/><line number="71" hits="1"/><line number="72" hits="1"/><line number="73" hits="2"/><line number="74" hits="1"/><line number="76" hits="1"/><line number="80" hits="1"/><line number="81" hits="1"/><line number="84" hits="0"/><line number="85" hits="0"/><line number="88" hits="1"/><line number="89" hits="1"/><line number="90" hits="1"/><line number="105" hits="1"/><line number="106" hits="1"/><line number="109" hits="1"/><line number="110" hits="1"/><line number="113" hits="1"/><line number="114" hits="1"/></lines></class><class name="multimap" filename="ic-stable-structures/src/structure/cache/multimap.rs" line-rate="0.7619047619047619" branch-rate="0" complexity="0"><methods/><lines><line number="29" hits="1"/><line number="30" hits="1"/><line number="34" hits="1"/><line number="37" hits="1"/><line number="57" hits="1"/><line number="58" hits="2"/><line number="59" hits="2"/><line number="61" hits="6"/><line number="62" hits="4"/><line number="63" hits="0"/><line number="64" hits="7"/><line number="65" hits="5"/><line number="66" hits="3"/><line number="71" hits="1"/><line number="72" hits="1"/><line number="73" hits="2"/><line number="74" hits="2"/><line number="75" hits="4"/><line number="76" hits="2"/><line number="78" hits="1"/><line number="82" hits="0"/><line number="83" hits="0"/><line number="84" hits="0"/><line number="85" hits="0"/><line number="86" hits="0"/><line number="87" hits="0"/><line number="89" hits="0"/><line number="93" hits="1"/><line number="94" hits="2"/><line number="96" hits="3"/><line number="97" hits="1"/><line number="100" hits="1"/><line number="101" hits="1"/><line number="104" hits="0"/><line number="105" hits="0"/><line number="108" hits="1"/><line number="109" hits="1"/><line number="110" hits="1"/><line number="113" hits="1"/><line number="114" hits="1"/><line number="117" hits="1"/><line number="118" hits="1"/></lines></class><class name="unbounded" filename="ic-stable-structures/src/structure/cache/unbounded.rs" line-rate="0.9032258064516129" branch-rate="0" complexity="0"><methods/><lines><line number="28" hits="2"/><line number="29" hits="2"/><line number="33" hits="2"/><line number="36" hits="2"/><line number="51" hits="2"/><line number="52" hits="2"/><line number="53" hits="4"/><line number="54" hits="6"/><line number="55" hits="0"/><line number="56" hits="9"/><line number="57" hits="5"/><line number="58" hits="3"/><line number="63" hits="2"/><line number="64" hits="2"/><line number="65" hits="3"/><line number="66" hits="6"/><line number="67" hits="3"/><line number="69" hits="3"/><line number="73" hits="2"/><line number="74" hits="2"/><line number="75" hits="2"/><line number="76" hits="4"/><line number="77" hits="2"/><line number="79" hits="2"/><line number="83" hits="2"/><line number="84" hits="2"/><line number="87" hits="0"/><line number="88" hits="0"/><line number="91" hits="1"/><line number="92" hits="1"/><line number="93" hits="1"/></lines></class></classes></package><package name="ic-exports/src" line-rate="0.9" branch-rate="0" complexity="0"><classes><class name="ic_test_state_machine" filename="ic-exports/src/ic_test_state_machine.rs" line-rate="0.9" branch-rate="0" complexity="0"><methods/><lines><line number="23" hits="1"/><line number="25" hits="3"/><line number="28" hits="1"/><line number="29" hits="1"/><line number="30" hits="2"/><line number="31" hits="0"/><line number="32" hits="0"/><line number="35" hits="2"/><line number="36" hits="1"/><line number="37" hits="1"/><line number="39" hits="1"/><line number="40" hits="2"/><line number="41" hits="1"/><line number="42" hits="1"/><line number="44" hits="2"/><line number="47" hits="3"/><line number="51" hits="5"/><line number="52" hits="2"/><line number="55" hits="1"/><line number="59" hits="1"/><line number="61" hits="1"/><line number="62" hits="0"/><line number="63" hits="1"/><line number="65" hits="2"/><line number="66" hits="3"/><line number="67" hits="2"/><line number="68" hits="1"/><line number="73" hits="2"/><line number="75" hits="0"/><line number="77" hits="2"/><line number="78" hits="1"/><line number="79" hits="1"/><line number="80" hits="2"/><line number="82" hits="1"/><line number="83" hits="2"/><line number="84" hits="1"/><line number="89" hits="1"/><line number="92" hits="1"/><line number="93" hits="1"/><line number="97" hits="1"/></lines></class></classes></package><package name="ic-auction/src" line-rate="0" branch-rate="0" complexity="0"><classes><class name="api" filename="ic-auction/src/api.rs" line-rate="0" branch-rate="0" complexity="0"><methods/><lines><line number="17" hits="0"/><line number="18" hits="0"/><line number="19" hits="0"/><line number="20" hits="0"/><line number="21" hits="0"/><line number="23" hits="0"/><line number="24" hits="0"/><line number="25" hits="0"/><line number="31" hits="0"/><line number="32" hits="0"/><line number="43" hits="0"/><line number="44" hits="0"/><line number="46" hits="0"/><line number="47" hits="0"/><line number="50" hits="0"/><line number="51" hits="0"/><line number="52" hits="0"/><line number="53" hits="0"/><line number="54" hits="0"/><line number="55" hits="0"/><line number="59" hits="0"/><line number="61" hits="0"/><line number="63" hits="0"/><line number="64" hits="0"/><line number="67" hits="0"/><line number="76" hits="0"/><line number="77" hits="0"/><line number="82" hits="0"/><line number="83" hits="0"/><line number="88" hits="0"/><line number="89" hits="0"/><line number="98" hits="0"/><line number="99" hits="0"/><line number="106" hits="0"/><line number="107" hits="0"/><line number="110" hits="0"/><line number="111" hits="0"/><line number="118" hits="0"/><line number="119" hits="0"/><line number="122" hits="0"/><line number="123" hits="0"/><line number="130" hits="0"/><line number="131" hits="0"/><line number="134" hits="0"/><line number="135" hits="0"/><line number="141" hits="0"/><line number="142" hits="0"/><line number="146" hits="0"/></lines></class><class name="state" filename="ic-auction/src/state.rs" line-rate="0" branch-rate="0" complexity="0"><methods/><lines><line number="67" hits="0"/><line number="68" hits="0"/><line number="69" hits="0"/><line number="70" hits="0"/><line number="73" hits="0"/><line number="74" hits="0"/><line number="75" hits="0"/><line number="76" hits="0"/><line number="81" hits="0"/><line number="85" hits="0"/><line number="87" hits="0"/><line number="105" hits="0"/><line number="107" hits="0"/><line number="108" hits="0"/><line number="109" hits="0"/><line number="116" hits="0"/><line number="119" hits="0"/><line number="123" hits="0"/><line number="128" hits="0"/><line number="130" hits="0"/><line number="131" hits="0"/><line number="132" hits="0"/><line number="135" hits="0"/><line number="139" hits="0"/><line number="140" hits="0"/><line number="141" hits="0"/><line number="142" hits="0"/><line number="144" hits="0"/><line number="148" hits="0"/><line number="149" hits="0"/><line number="150" hits="0"/><line number="151" hits="0"/><line number="154" hits="0"/><line number="155" hits="0"/><line number="156" hits="0"/><line number="160" hits="0"/><line number="164" hits="0"/><line number="165" hits="0"/><line number="166" hits="0"/><line number="167" hits="0"/><line number="170" hits="0"/><line number="171" hits="0"/><line number="172" hits="0"/><line number="174" hits="0"/><line number="177" hits="0"/><line number="179" hits="0"/><line number="180" hits="0"/><line number="181" hits="0"/><line number="182" hits="0"/><line number="183" hits="0"/><line number="192" hits="0"/><line number="193" hits="0"/><line number="196" hits="0"/><line number="199" hits="0"/><line number="200" hits="0"/><line number="215" hits="0"/><line number="216" hits="0"/><line number="219" hits="0"/><line number="220" hits="0"/><line number="223" hits="0"/><line number="224" hits="0"/></lines></class></classes></package><package name="ic-helpers/src" line-rate="0.37579617834394907" branch-rate="0" complexity="0"><classes><class name="tokens" filename="ic-helpers/src/tokens.rs" line-rate="0.41843971631205673" branch-rate="0" complexity="0"><methods/><lines><line number="30" hits="0"/><line number="31" hits="0"/><line number="38" hits="0"/><line number="47" hits="0"/><line number="56" hits="0"/><line number="57" hits="0"/><line number="58" hits="0"/><line number="74" hits="0"/><line number="75" hits="0"/><line number="79" hits="0"/><line number="80" hits="0"/><line number="81" hits="0"/><line number="83" hits="0"/><line number="84" hits="0"/><line number="91" hits="0"/><line number="92" hits="0"/><line number="96" hits="0"/><line number="97" hits="0"/><line number="98" hits="0"/><line number="100" hits="0"/><line number="104" hits="0"/><line number="105" hits="0"/><line number="109" hits="0"/><line number="112" hits="0"/><line number="117" hits="0"/><line number="118" hits="0"/><line number="119" hits="0"/><line number="120" hits="0"/><line number="124" hits="0"/><line number="125" hits="0"/><line number="126" hits="0"/><line number="127" hits="0"/><line number="129" hits="0"/><line number="130" hits="0"/><line number="131" hits="0"/><line number="137" hits="3"/><line number="138" hits="1"/><line number="139" hits="2"/><line number="141" hits="0"/><line number="142" hits="1"/><line number="143" hits="1"/><line number="145" hits="0"/><line number="146" hits="0"/><line number="147" hits="0"/><line number="148" hits="0"/><line number="151" hits="1"/><line number="157" hits="0"/><line number="158" hits="0"/><line number="163" hits="0"/><line number="164" hits="0"/><line number="183" hits="1"/><line number="184" hits="1"/><line number="185" hits="1"/><line number="186" hits="1"/><line number="188" hits="0"/><line number="191" hits="0"/><line number="193" hits="0"/><line number="194" hits="0"/><line number="195" hits="0"/><line number="196" hits="0"/><line number="198" hits="0"/><line number="202" hits="1"/><line number="203" hits="1"/><line number="204" hits="1"/><line number="205" hits="1"/><line number="207" hits="0"/><line number="210" hits="2"/><line number="211" hits="0"/><line number="212" hits="0"/><line number="213" hits="0"/><line number="215" hits="0"/><line number="216" hits="0"/><line number="217" hits="0"/><line number="218" hits="0"/><line number="220" hits="0"/><line number="224" hits="0"/><line number="225" hits="0"/><line number="228" hits="0"/><line number="229" hits="0"/><line number="230" hits="0"/><line number="233" hits="0"/><line number="247" hits="1"/><line number="248" hits="1"/><line number="249" hits="1"/><line number="251" hits="1"/><line number="253" hits="2"/><line number="255" hits="1"/><line number="258" hits="4"/><line number="259" hits="2"/><line number="262" hits="1"/><line number="266" hits="0"/><line number="267" hits="0"/><line number="271" hits="0"/><line number="272" hits="0"/><line number="277" hits="1"/><line number="278" hits="1"/><line number="279" hits="3"/><line number="280" hits="1"/><line number="283" hits="1"/><line number="287" hits="1"/><line number="288" hits="1"/><line number="289" hits="1"/><line number="293" hits="1"/><line number="294" hits="1"/><line number="297" hits="2"/><line number="298" hits="2"/><line number="299" hits="4"/><line number="301" hits="3"/><line number="304" hits="1"/><line number="309" hits="1"/><line number="310" hits="1"/><line number="311" hits="3"/><line number="312" hits="0"/><line number="314" hits="2"/><line number="315" hits="2"/><line number="320" hits="0"/><line number="321" hits="0"/><line number="322" hits="0"/><line number="323" hits="0"/><line number="328" hits="0"/><line number="329" hits="0"/><line number="330" hits="0"/><line number="331" hits="0"/><line number="337" hits="1"/><line number="338" hits="1"/><line number="343" hits="0"/><line number="344" hits="0"/><line number="349" hits="1"/><line number="350" hits="1"/><line number="352" hits="1"/><line number="353" hits="1"/><line number="356" hits="1"/><line number="360" hits="1"/><line number="365" hits="1"/><line number="369" hits="1"/><line number="370" hits="2"/><line number="371" hits="0"/><line number="380" hits="1"/><line number="381" hits="1"/><line number="382" hits="2"/><line number="383" hits="1"/></lines></class><class name="types" filename="ic-helpers/src/types.rs" line-rate="0" branch-rate="0" complexity="0"><methods/><lines><line number="7" hits="0"/><line number="8" hits="0"/><line number="13" hits="0"/><line number="14" hits="0"/><line number="17" hits="0"/><line number="18" hits="0"/><line number="21" hits="0"/><line number="22" hits="0"/></lines></class></classes></package><package name="ic-canister/tests/canister-a/src" line-rate="0" branch-rate="0" complexity="0"><classes><class name="lib" filename="ic-canister/tests/canister-a/src/lib.rs" line-rate="0" branch-rate="0" complexity="0"><methods/><lines><line number="29" hits="0"/><line number="30" hits="0"/><line number="34" hits="0"/><line number="35" hits="0"/><line number="39" hits="0"/><line number="40" hits="0"/><line number="44" hits="0"/><line number="45" hits="0"/><line number="51" hits="0"/><line number="52" hits="0"/></lines></class></classes></package><package name="ic-kit/src" line-rate="0.5760456273764258" branch-rate="0" complexity="0"><classes><class name="handler" filename="ic-kit/src/handler.rs" line-rate="0.36065573770491804" branch-rate="0" complexity="0"><methods/><lines><line number="75" hits="7"/><line number="78" hits="8"/><line number="91" hits="1"/><line number="92" hits="2"/><line number="93" hits="2"/><line number="96" hits="2"/><line number="97" hits="1"/><line number="102" hits="1"/><line number="103" hits="1"/><line number="104" hits="1"/><line number="109" hits="1"/><line number="110" hits="1"/><line number="111" hits="1"/><line number="116" hits="2"/><line number="117" hits="2"/><line number="118" hits="2"/><line number="127" hits="3"/><line number="128" hits="6"/><line number="129" hits="2"/><line number="131" hits="6"/><line number="132" hits="3"/><line number="139" hits="0"/><line number="140" hits="0"/><line number="141" hits="0"/><line number="143" hits="0"/><line number="144" hits="0"/><line number="152" hits="0"/><line number="153" hits="0"/><line number="154" hits="0"/><line number="156" hits="0"/><line number="157" hits="0"/><line number="165" hits="0"/><line number="166" hits="0"/><line number="170" hits="0"/><line number="172" hits="0"/><line number="178" hits="0"/><line number="179" hits="0"/><line number="184" hits="0"/><line number="185" hits="0"/><line number="186" hits="0"/><line number="199" hits="0"/><line number="200" hits="0"/><line number="201" hits="0"/><line number="203" hits="0"/><line number="205" hits="0"/><line number="206" hits="0"/><line number="216" hits="0"/><line number="217" hits="0"/><line number="218" hits="0"/><line number="220" hits="0"/><line number="221" hits="0"/><line number="229" hits="0"/><line number="245" hits="0"/><line number="256" hits="1"/><line number="257" hits="1"/><line number="258" hits="1"/><line number="260" hits="1"/><line number="265" hits="1"/><line number="274" hits="1"/><line number="275" hits="12"/><line number="277" hits="6"/><line number="278" hits="0"/><line number="281" hits="8"/><line number="282" hits="4"/><line number="285" hits="11"/><line number="286" hits="3"/><line number="287" hits="0"/><line number="288" hits="2"/><line number="290" hits="1"/><line number="291" hits="3"/><line number="293" hits="2"/><line number="294" hits="4"/><line number="295" hits="2"/><line number="296" hits="1"/><line number="298" hits="0"/><line number="301" hits="2"/><line number="307" hits="3"/><line number="309" hits="4"/><line number="310" hits="0"/><line number="312" hits="4"/><line number="319" hits="0"/><line number="320" hits="0"/><line number="324" hits="0"/><line number="333" hits="0"/><line number="334" hits="0"/><line number="335" hits="0"/><line number="336" hits="0"/><line number="337" hits="0"/><line number="339" hits="0"/><line number="340" hits="0"/><line number="342" hits="0"/><line number="348" hits="0"/><line number="349" hits="0"/><line number="350" hits="0"/><line number="351" hits="0"/><line number="352" hits="0"/><line number="353" hits="0"/><line number="355" hits="0"/><line number="361" hits="0"/><line number="370" hits="0"/><line number="372" hits="0"/><line number="373" hits="0"/><line number="374" hits="0"/><line number="376" hits="0"/><line number="377" hits="0"/><line number="378" hits="0"/><line number="379" hits="0"/><line number="380" hits="0"/><line number="381" hits="0"/><line number="382" hits="0"/><line number="383" hits="0"/><line number="386" hits="0"/><line number="387" hits="0"/><line number="388" hits="0"/><line number="389" hits="0"/><line number="390" hits="0"/><line number="391" hits="0"/><line number="392" hits="0"/><line number="393" hits="0"/><line number="397" hits="0"/><line number="398" hits="0"/><line number="399" hits="0"/></lines></class><class name="ic" filename="ic-kit/src/ic.rs" line-rate="0.3404255319148936" branch-rate="0" complexity="0"><methods/><lines><line number="5" hits="0"/><line number="7" hits="129"/><line number="9" hits="0"/><line number="14" hits="0"/><line number="15" hits="0"/><line number="20" hits="0"/><line number="21" hits="0"/><line number="26" hits="0"/><line number="27" hits="64"/><line number="32" hits="0"/><line number="33" hits="27"/><line number="38" hits="0"/><line number="39" hits="1"/><line number="44" hits="0"/><line number="45" hits="0"/><line number="50" hits="0"/><line number="51" hits="27"/><line number="56" hits="0"/><line number="57" hits="1"/><line number="62" hits="0"/><line number="63" hits="1"/><line number="69" hits="0"/><line number="70" hits="2"/><line number="75" hits="0"/><line number="76" hits="2"/><line number="81" hits="0"/><line number="82" hits="0"/><line number="88" hits="0"/><line number="89" hits="2"/><line number="96" hits="0"/><line number="97" hits="3"/><line number="102" hits="0"/><line number="103" hits="0"/><line number="108" hits="0"/><line number="112" hits="2"/><line number="122" hits="1"/><line number="133" hits="0"/><line number="138" hits="0"/><line number="143" hits="0"/><line number="147" hits="0"/><line number="153" hits="2"/><line number="158" hits="0"/><line number="159" hits="1"/><line number="164" hits="0"/><line number="165" hits="1"/><line number="170" hits="0"/><line number="171" hits="0"/></lines></class><class name="inject" filename="ic-kit/src/inject.rs" line-rate="0.7857142857142857" branch-rate="0" complexity="0"><methods/><lines><line number="5" hits="29"/><line number="9" hits="28"/><line number="10" hits="51"/><line number="11" hits="31"/><line number="17" hits="48"/><line number="18" hits="75"/><line number="19" hits="27"/><line number="20" hits="58"/><line number="21" hits="0"/><line number="22" hits="0"/><line number="24" hits="0"/><line number="25" hits="31"/><line number="26" hits="27"/><line number="27" hits="31"/></lines></class><class name="interface" filename="ic-kit/src/interface.rs" line-rate="0.5555555555555556" branch-rate="0" complexity="0"><methods/><lines><line number="52" hits="0"/><line number="53" hits="0"/><line number="93" hits="0"/><line number="97" hits="0"/><line number="104" hits="2"/><line number="105" hits="1"/><line number="106" hits="5"/><line number="107" hits="4"/><line number="108" hits="4"/></lines></class><class name="lib" filename="ic-kit/src/lib.rs" line-rate="1" branch-rate="0" complexity="0"><methods/><lines><line number="23" hits="14"/><line number="24" hits="16"/><line number="28" hits="5"/><line number="29" hits="6"/><line number="33" hits="1"/><line number="34" hits="1"/><line number="38" hits="1"/><line number="39" hits="1"/></lines></class><class name="mock" filename="ic-kit/src/mock.rs" line-rate="0.8188679245283019" branch-rate="0" complexity="0"><methods/><lines><line number="92" hits="29"/><line number="93" hits="25"/><line number="94" hits="0"/><line number="95" hits="0"/><line number="96" hits="0"/><line number="98" hits="29"/><line number="99" hits="67"/><line number="101" hits="32"/><line number="106" hits="29"/><line number="107" hits="33"/><line number="110" hits="30"/><line number="112" hits="34"/><line number="118" hits="1"/><line number="119" hits="1"/><line number="120" hits="1"/><line number="140" hits="22"/><line number="141" hits="26"/><line number="142" hits="22"/><line number="160" hits="2"/><line number="161" hits="1"/><line number="162" hits="4"/><line number="182" hits="4"/><line number="183" hits="4"/><line number="184" hits="4"/><line number="206" hits="6"/><line number="207" hits="6"/><line number="208" hits="6"/><line number="226" hits="3"/><line number="227" hits="6"/><line number="228" hits="6"/><line number="229" hits="3"/><line number="251" hits="0"/><line number="253" hits="0"/><line number="258" hits="1"/><line number="259" hits="2"/><line number="260" hits="1"/><line number="261" hits="1"/><line number="262" hits="1"/><line number="268" hits="1"/><line number="269" hits="1"/><line number="275" hits="0"/><line number="276" hits="0"/><line number="282" hits="1"/><line number="283" hits="1"/><line number="288" hits="0"/><line number="289" hits="0"/><line number="294" hits="2"/><line number="295" hits="2"/><line number="296" hits="2"/><line number="301" hits="28"/><line number="302" hits="24"/><line number="303" hits="27"/><line number="308" hits="1"/><line number="310" hits="1"/><line number="311" hits="4"/><line number="312" hits="2"/><line number="314" hits="1"/><line number="317" hits="2"/><line number="319" hits="3"/><line number="320" hits="1"/><line number="321" hits="2"/><line number="322" hits="2"/><line number="324" hits="1"/><line number="325" hits="1"/><line number="326" hits="1"/><line number="329" hits="1"/><line number="336" hits="34"/><line number="338" hits="48"/><line number="339" hits="37"/><line number="340" hits="50"/><line number="348" hits="0"/><line number="349" hits="0"/><line number="350" hits="0"/><line number="351" hits="0"/><line number="356" hits="1"/><line number="357" hits="1"/><line number="361" hits="1"/><line number="362" hits="1"/><line number="367" hits="1"/><line number="368" hits="1"/><line number="373" hits="1"/><line number="374" hits="1"/><line number="379" hits="12"/><line number="380" hits="24"/><line number="385" hits="11"/><line number="386" hits="23"/><line number="391" hits="1"/><line number="392" hits="1"/><line number="397" hits="2"/><line number="398" hits="4"/><line number="403" hits="0"/><line number="404" hits="0"/><line number="409" hits="0"/><line number="410" hits="0"/><line number="416" hits="1"/><line number="417" hits="1"/><line number="418" hits="2"/><line number="422" hits="0"/><line number="423" hits="0"/><line number="427" hits="32"/><line number="428" hits="45"/><line number="429" hits="34"/><line number="433" hits="24"/><line number="434" hits="25"/><line number="435" hits="24"/><line number="439" hits="4"/><line number="440" hits="7"/><line number="441" hits="9"/><line number="445" hits="0"/><line number="446" hits="0"/><line number="450" hits="12"/><line number="451" hits="24"/><line number="453" hits="12"/><line number="454" hits="0"/><line number="456" hits="0"/><line number="461" hits="24"/><line number="465" hits="2"/><line number="466" hits="2"/><line number="467" hits="4"/><line number="471" hits="1"/><line number="472" hits="1"/><line number="473" hits="1"/><line number="474" hits="4"/><line number="475" hits="1"/><line number="476" hits="1"/><line number="477" hits="2"/><line number="478" hits="1"/><line number="480" hits="2"/><line number="481" hits="3"/><line number="482" hits="2"/><line number="487" hits="2"/><line number="488" hits="2"/><line number="489" hits="2"/><line number="493" hits="1"/><line number="494" hits="2"/><line number="495" hits="1"/><line number="496" hits="1"/><line number="497" hits="2"/><line number="501" hits="0"/><line number="502" hits="0"/><line number="503" hits="0"/><line number="504" hits="0"/><line number="505" hits="0"/><line number="509" hits="1"/><line number="510" hits="1"/><line number="511" hits="1"/><line number="512" hits="0"/><line number="513" hits="0"/><line number="514" hits="0"/><line number="520" hits="3"/><line number="521" hits="3"/><line number="522" hits="3"/><line number="523" hits="3"/><line number="524" hits="3"/><line number="525" hits="0"/><line number="526" hits="0"/><line number="527" hits="2"/><line number="533" hits="0"/><line number="534" hits="0"/><line number="535" hits="0"/><line number="536" hits="0"/><line number="537" hits="0"/><line number="541" hits="1"/><line number="545" hits="2"/><line number="546" hits="1"/><line number="547" hits="1"/><line number="548" hits="1"/><line number="552" hits="1"/><line number="556" hits="1"/><line number="558" hits="1"/><line number="559" hits="1"/><line number="560" hits="2"/><line number="563" hits="2"/><line number="564" hits="1"/><line number="567" hits="2"/><line number="574" hits="2"/><line number="575" hits="0"/><line number="577" hits="0"/><line number="581" hits="2"/><line number="582" hits="4"/><line number="583" hits="2"/><line number="584" hits="2"/><line number="586" hits="2"/><line number="587" hits="4"/><line number="588" hits="2"/><line number="589" hits="0"/><line number="592" hits="4"/><line number="593" hits="2"/><line number="595" hits="4"/><line number="596" hits="2"/><line number="600" hits="2"/><line number="601" hits="2"/><line number="603" hits="4"/><line number="604" hits="2"/><line number="605" hits="2"/><line number="606" hits="2"/><line number="607" hits="2"/><line number="608" hits="0"/><line number="611" hits="8"/><line number="615" hits="1"/><line number="616" hits="1"/><line number="617" hits="1"/><line number="620" hits="1"/><line number="621" hits="1"/><line number="622" hits="1"/><line number="623" hits="1"/><line number="627" hits="1"/><line number="628" hits="1"/><line number="629" hits="1"/><line number="633" hits="0"/><line number="635" hits="0"/><line number="641" hits="27"/><line number="654" hits="38"/><line number="655" hits="23"/><line number="663" hits="2"/><line number="664" hits="2"/><line number="669" hits="1"/><line number="670" hits="1"/><line number="675" hits="1"/><line number="676" hits="1"/><line number="677" hits="3"/><line number="678" hits="1"/><line number="680" hits="1"/><line number="685" hits="1"/><line number="686" hits="1"/><line number="687" hits="3"/><line number="688" hits="1"/><line number="690" hits="1"/><line number="696" hits="1"/><line number="697" hits="1"/><line number="698" hits="3"/><line number="699" hits="1"/><line number="701" hits="1"/><line number="706" hits="0"/><line number="707" hits="0"/><line number="712" hits="1"/><line number="713" hits="2"/><line number="714" hits="1"/><line number="715" hits="1"/><line number="718" hits="1"/><line number="723" hits="1"/><line number="724" hits="2"/><line number="725" hits="1"/><line number="726" hits="1"/><line number="729" hits="1"/><line number="734" hits="1"/><line number="735" hits="2"/><line number="736" hits="2"/><line number="737" hits="1"/><line number="740" hits="1"/><line number="749" hits="1"/><line number="750" hits="1"/><line number="751" hits="1"/><line number="758" hits="1"/><line number="759" hits="1"/><line number="764" hits="1"/><line number="765" hits="1"/><line number="770" hits="1"/><line number="771" hits="1"/><line number="776" hits="0"/><line number="777" hits="0"/><line number="782" hits="1"/><line number="783" hits="1"/><line number="788" hits="1"/><line number="789" hits="1"/></lines></class><class name="wasm" filename="ic-kit/src/wasm.rs" line-rate="0" branch-rate="0" complexity="0"><methods/><lines><line number="21" hits="0"/><line number="23" hits="0"/><line number="24" hits="0"/><line number="26" hits="0"/><line number="27" hits="0"/><line number="29" hits="0"/><line number="35" hits="0"/><line number="37" hits="0"/><line number="38" hits="0"/><line number="39" hits="0"/><line number="46" hits="0"/><line number="47" hits="0"/><line number="51" hits="0"/><line number="52" hits="0"/><line number="56" hits="0"/><line number="57" hits="0"/><line number="61" hits="0"/><line number="62" hits="0"/><line number="66" hits="0"/><line number="67" hits="0"/><line number="72" hits="0"/><line number="73" hits="0"/><line number="77" hits="0"/><line number="78" hits="0"/><line number="82" hits="0"/><line number="83" hits="0"/><line number="87" hits="0"/><line number="88" hits="0"/><line number="92" hits="0"/><line number="93" hits="0"/><line number="97" hits="0"/><line number="98" hits="0"/><line number="99" hits="0"/><line number="103" hits="0"/><line number="104" hits="0"/><line number="105" hits="0"/><line number="106" hits="0"/><line number="107" hits="0"/><line number="111" hits="0"/><line number="112" hits="0"/><line number="113" hits="0"/><line number="114" hits="0"/><line number="115" hits="0"/><line number="116" hits="0"/><line number="122" hits="0"/><line number="123" hits="0"/><line number="124" hits="0"/><line number="132" hits="0"/><line number="140" hits="0"/><line number="151" hits="0"/><line number="152" hits="0"/><line number="156" hits="0"/><line number="157" hits="0"/><line number="161" hits="0"/><line number="162" hits="0"/><line number="166" hits="0"/><line number="167" hits="0"/></lines></class></classes></package><package name="ic-storage/tests" line-rate="1" branch-rate="0" complexity="0"><classes><class name="derive" filename="ic-storage/tests/derive.rs" line-rate="1" branch-rate="0" complexity="0"><methods/><lines><line number="14" hits="1"/></lines></class></classes></package><package name="ic-stable-structures/benches" line-rate="0" branch-rate="0" complexity="0"><classes></classes></package><package name="ic-stable-structures/src/structure/common" line-rate="0.9294117647058824" branch-rate="0" complexity="0"><classes><class name="ring_buffer" filename="ic-stable-structures/src/structure/common/ring_buffer.rs" line-rate="0.9294117647058824" branch-rate="0" complexity="0"><methods/><lines><line number="22" hits="0"/><line number="30" hits="1"/><line number="31" hits="1"/><line number="33" hits="1"/><line number="34" hits="2"/><line number="35" hits="1"/><line number="38" hits="1"/><line number="42" hits="1"/><line number="43" hits="3"/><line number="44" hits="3"/><line number="45" hits="2"/><line number="47" hits="2"/><line number="50" hits="1"/><line number="52" hits="1"/><line number="58" hits="1"/><line number="59" hits="1"/><line number="60" hits="2"/><line number="61" hits="1"/><line number="62" hits="1"/><line number="65" hits="1"/><line number="67" hits="2"/><line number="68" hits="1"/><line number="94" hits="4"/><line number="102" hits="4"/><line number="103" hits="8"/><line number="104" hits="4"/><line number="105" hits="4"/><line number="110" hits="1"/><line number="111" hits="3"/><line number="115" hits="1"/><line number="116" hits="3"/><line number="120" hits="3"/><line number="121" hits="9"/><line number="126" hits="4"/><line number="127" hits="8"/><line number="128" hits="4"/><line number="129" hits="0"/><line number="132" hits="3"/><line number="134" hits="3"/><line number="135" hits="8"/><line number="136" hits="2"/><line number="137" hits="4"/><line number="138" hits="0"/><line number="139" hits="6"/><line number="140" hits="0"/><line number="145" hits="6"/><line number="146" hits="3"/><line number="147" hits="4"/><line number="150" hits="11"/><line number="151" hits="4"/><line number="153" hits="3"/><line number="155" hits="3"/><line number="162" hits="1"/><line number="163" hits="5"/><line number="164" hits="4"/><line number="165" hits="8"/><line number="166" hits="4"/><line number="167" hits="4"/><line number="169" hits="4"/><line number="171" hits="2"/><line number="172" hits="2"/><line number="173" hits="4"/><line number="174" hits="2"/><line number="176" hits="2"/><line number="182" hits="1"/><line number="183" hits="5"/><line number="184" hits="8"/><line number="185" hits="4"/><line number="186" hits="20"/><line number="191" hits="0"/><line number="192" hits="0"/><line number="195" hits="4"/><line number="196" hits="8"/><line number="197" hits="4"/><line number="198" hits="11"/><line number="202" hits="9"/><line number="206" hits="21"/><line number="207" hits="12"/><line number="208" hits="24"/><line number="209" hits="12"/><line number="210" hits="24"/><line number="212" hits="27"/><line number="213" hits="9"/><line number="214" hits="9"/><line number="216" hits="4"/></lines></class></classes></package><package name="icrc-ledger-types/src/icrc1" line-rate="0.18421052631578946" branch-rate="0" complexity="0"><classes><class name="account" filename="icrc-ledger-types/src/icrc1/account.rs" line-rate="0.2777777777777778" branch-rate="0" complexity="0"><methods/><lines><line number="19" hits="15"/><line number="20" hits="17"/><line number="25" hits="19"/><line number="26" hits="21"/><line number="33" hits="0"/><line number="34" hits="0"/><line number="39" hits="0"/><line number="40" hits="0"/><line number="41" hits="0"/><line number="42" hits="0"/><line number="48" hits="0"/><line number="49" hits="0"/><line number="50" hits="0"/><line number="55" hits="0"/><line number="56" hits="0"/><line number="57" hits="0"/><line number="58" hits="0"/><line number="64" hits="1"/></lines></class><class name="transfer" filename="icrc-ledger-types/src/icrc1/transfer.rs" line-rate="0.1" branch-rate="0" complexity="0"><methods/><lines><line number="31" hits="1"/><line number="32" hits="1"/><line number="37" hits="0"/><line number="38" hits="0"/><line number="43" hits="0"/><line number="44" hits="0"/><line number="49" hits="0"/><line number="50" hits="0"/><line number="67" hits="0"/><line number="68" hits="0"/><line number="69" hits="0"/><line number="70" hits="0"/><line number="72" hits="0"/><line number="73" hits="0"/><line number="79" hits="0"/><line number="80" hits="0"/><line number="85" hits="0"/><line number="90" hits="0"/><line number="91" hits="0"/><line number="95" hits="0"/></lines></class></classes></package><package name="ic-stable-structures/src/structure" line-rate="0.8434108527131783" branch-rate="0" complexity="0"><classes></classes></package><package name="ic-canister/ic-canister-macros/src" line-rate="0" branch-rate="0" complexity="0"><classes><class name="api" filename="ic-canister/ic-canister-macros/src/api.rs" line-rate="0" branch-rate="0" complexity="0"><methods/><lines><line number="23" hits="0"/><line number="30" hits="0"/><line number="33" hits="0"/><line number="34" hits="0"/><line number="35" hits="0"/><line number="39" hits="0"/><line number="42" hits="0"/><line number="43" hits="0"/><line number="44" hits="0"/><line number="46" hits="0"/><line number="49" hits="0"/><line number="50" hits="0"/><line number="51" hits="0"/><line number="55" hits="0"/><line number="56" hits="0"/><line number="59" hits="0"/><line number="60" hits="0"/><line number="63" hits="0"/><line number="64" hits="0"/><line number="65" hits="0"/><line number="67" hits="0"/><line number="70" hits="0"/><line number="72" hits="0"/><line number="74" hits="0"/><line number="75" hits="0"/><line number="76" hits="0"/><line number="77" hits="0"/><line number="80" hits="0"/><line number="82" hits="0"/><line number="83" hits="0"/><line number="84" hits="0"/><line number="85" hits="0"/><line number="86" hits="0"/><line number="91" hits="0"/><line number="92" hits="0"/><line number="93" hits="0"/><line number="96" hits="0"/><line number="97" hits="0"/><line number="98" hits="0"/><line number="99" hits="0"/><line number="101" hits="0"/><line number="102" hits="0"/><line number="104" hits="0"/><line number="107" hits="0"/><line number="110" hits="0"/><line number="111" hits="0"/><line number="112" hits="0"/><line number="115" hits="0"/><line number="116" hits="0"/><line number="119" hits="0"/><line number="122" hits="0"/><line number="125" hits="0"/><line number="126" hits="0"/><line number="129" hits="0"/><line number="130" hits="0"/><line number="131" hits="0"/><line number="132" hits="0"/><line number="135" hits="0"/><line number="138" hits="0"/><line number="139" hits="0"/><line number=
[...]
hits="0"/><line number="44" hits="0"/><line number="45" hits="0"/><line number="46" hits="0"/><line number="47" hits="0"/><line number="51" hits="0"/></lines></class></classes></package><package name="ic-stable-structures/tests" line-rate="0" branch-rate="0" complexity="0"><classes></classes></package><package name="ic-canister/tests/canister-b/src" line-rate="0" branch-rate="0" complexity="0"><classes></classes></package><package name="ic-storage/src" line-rate="0.8444444444444444" branch-rate="0" complexity="0"><classes><class name="error" filename="ic-storage/src/error.rs" line-rate="0" branch-rate="0" complexity="0"><methods/><lines><line number="28" hits="0"/><line number="29" hits="0"/></lines></class><class name="lib" filename="ic-storage/src/lib.rs" line-rate="1" branch-rate="0" complexity="0"><methods/><lines><line number="123" hits="1"/><line number="134" hits="2"/><line number="135" hits="1"/><line number="136" hits="2"/></lines></class><class name="stable" filename="ic-storage/src/stable.rs" line-rate="0.868421052631579" branch-rate="0" complexity="0"><methods/><lines><line number="148" hits="0"/><line number="149" hits="0"/><line number="171" hits="0"/><line number="172" hits="0"/><line number="176" hits="1"/><line number="177" hits="1"/><line number="178" hits="1"/><line number="179" hits="2"/><line number="182" hits="1"/><line number="183" hits="2"/><line number="187" hits="2"/><line number="188" hits="3"/><line number="189" hits="2"/><line number="190" hits="1"/><line number="193" hits="2"/><line number="194" hits="4"/><line number="195" hits="2"/><line number="201" hits="2"/><line number="202" hits="4"/><line number="203" hits="2"/><line number="204" hits="3"/><line number="205" hits="0"/><line number="208" hits="2"/><line number="210" hits="5"/><line number="211" hits="1"/><line number="212" hits="1"/><line number="216" hits="2"/><line number="224" hits="6"/><line number="227" hits="3"/><line number="228" hits="9"/><line number="230" hits="3"/><line number="237" hits="4"/><line number="238" hits="4"/><line number="239" hits="4"/><line number="240" hits="4"/><line number="241" hits="2"/><line number="243" hits="5"/><line number="244" hits="6"/></lines></class><class name="testing" filename="ic-storage/src/testing.rs" line-rate="0.8478260869565217" branch-rate="0" complexity="0"><methods/><lines><line number="7" hits="2"/><line number="10" hits="0"/><line number="11" hits="0"/><line number="12" hits="0"/><line number="18" hits="3"/><line number="19" hits="6"/><line number="22" hits="1"/><line number="23" hits="1"/><line number="24" hits="2"/><line number="30" hits="2"/><line number="33" hits="2"/><line number="35" hits="2"/><line number="38" hits="1"/><line number="39" hits="2"/><line number="40" hits="2"/><line number="41" hits="1"/><line number="45" hits="1"/><line number="46" hits="4"/><line number="47" hits="3"/><line number="48" hits="1"/><line number="52" hits="3"/><line number="53" hits="3"/><line number="54" hits="3"/><line number="55" hits="1"/><line number="56" hits="3"/><line number="58" hits="1"/><line number="59" hits="3"/><line number="60" hits="2"/><line number="62" hits="0"/><line number="80" hits="1"/><line number="81" hits="1"/><line number="92" hits="3"/><line number="93" hits="1"/><line number="94" hits="4"/><line number="95" hits="1"/><line number="102" hits="1"/><line number="103" hits="1"/><line number="104" hits="2"/><line number="107" hits="3"/><line number="108" hits="4"/><line number="109" hits="3"/><line number="114" hits="1"/><line number="115" hits="1"/><line number="116" hits="0"/><line number="119" hits="0"/><line number="121" hits="0"/></lines></class></classes></package><package name="ic-canister/tests/canister-d/src" line-rate="0" branch-rate="0" complexity="0"><classes><class name="lib" filename="ic-canister/tests/canister-d/src/lib.rs" line-rate="0" branch-rate="0" complexity="0"><methods/><lines><line number="22" hits="0"/><line number="23" hits="0"/><line number="27" hits="0"/><line number="28" hits="0"/><line number="29" hits="0"/><line number="30" hits="0"/><line number="31" hits="0"/><line number="37" hits="0"/><line number="38" hits="0"/><line number="42" hits="0"/><line number="43" hits="0"/><line number="49" hits="0"/><line number="50" hits="0"/></lines></class></classes></package><package name="ic-canister-client/src" line-rate="0" branch-rate="0" complexity="0"><classes><class name="ic_client" filename="ic-canister-client/src/ic_client.rs" line-rate="0" branch-rate="0" complexity="0"><methods/><lines><line number="17" hits="0"/><line number="28" hits="0"/><line number="29" hits="0"/><line number="30" hits="0"/><line number="41" hits="0"/><line number="49" hits="0"/></lines></class><class name="state_machine_tests" filename="ic-canister-client/src/state_machine_tests.rs" line-rate="0" branch-rate="0" complexity="0"><methods/><lines><line number="71" hits="0"/><line number="72" hits="0"/><line number="73" hits="0"/><line number="75" hits="0"/><line number="76" hits="0"/><line number="77" hits="0"/><line number="79" hits="0"/><line number="82" hits="0"/><line number="93" hits="0"/><line number="94" hits="0"/><line number="96" hits="0"/><line number="97" hits="0"/><line number="98" hits="0"/><line number="100" hits="0"/><line number="102" hits="0"/><line number="103" hits="0"/><line number="104" hits="0"/><line number="105" hits="0"/><line number="106" hits="0"/><line number="107" hits="0"/><line number="112" hits="0"/><line number="113" hits="0"/><line number="121" hits="0"/><line number="122" hits="0"/><line number="124" hits="0"/><line number="125" hits="0"/><line number="126" hits="0"/><line number="128" hits="0"/><line number="130" hits="0"/><line number="131" hits="0"/><line number="132" hits="0"/><line number="133" hits="0"/><line number="134" hits="0"/><line number="135" hits="0"/><line number="140" hits="0"/><line number="141" hits="0"/></lines></class></classes></package><package name="ic-log/src/formatter" line-rate="0.8181818181818182" branch-rate="0" complexity="0"><classes><class name="buffer" filename="ic-log/src/formatter/buffer.rs" line-rate="0.8461538461538461" branch-rate="0" complexity="0"><methods/><lines><line number="8" hits="1"/><line number="9" hits="1"/><line number="12" hits="4"/><line number="13" hits="4"/><line number="14" hits="4"/><line number="17" hits="0"/><line number="18" hits="0"/><line number="21" hits="2"/><line number="22" hits="2"/><line number="27" hits="1"/><line number="28" hits="1"/><line number="33" hits="2"/><line number="34" hits="2"/></lines></class><class name="humantime" filename="ic-log/src/formatter/humantime.rs" line-rate="0.4444444444444444" branch-rate="0" complexity="0"><methods/><lines><line number="19" hits="1"/><line number="21" hits="1"/><line number="27" hits="0"/><line number="32" hits="0"/><line number="33" hits="0"/><line number="37" hits="0"/><line number="38" hits="0"/><line number="44" hits="1"/><line number="45" hits="1"/></lines></class><class name="mod" filename="ic-log/src/formatter/mod.rs" line-rate="0.8522727272727273" branch-rate="0" complexity="0"><methods/><lines><line number="59" hits="1"/><line number="60" hits="2"/><line number="63" hits="1"/><line number="64" hits="2"/><line number="69" hits="4"/><line number="70" hits="8"/><line number="73" hits="0"/><line number="74" hits="0"/><line number="79" hits="0"/><line number="80" hits="0"/><line number="97" hits="1"/><line number="103" hits="1"/><line number="116" hits="1"/><line number="117" hits="3"/><line number="118" hits="0"/><line number="120" hits="3"/><line number="121" hits="1"/><line number="122" hits="1"/><line number="123" hits="1"/><line number="124" hits="1"/><line number="125" hits="1"/><line number="127" hits="1"/><line number="128" hits="1"/><line number="132" hits="1"/><line number="155" hits="5"/><line number="156" hits="5"/><line number="157" hits="6"/><line number="158" hits="4"/><line number="159" hits="4"/><line number="160" hits="7"/><line number="162" hits="4"/><line number="165" hits="1"/><line number="167" hits="0"/><line number="171" hits="8"/><line number="175" hits="6"/><line number="176" hits="4"/><line number="178" hits="8"/><line number="179" hits="10"/><line number="181" hits="10"/><line number="185" hits="2"/><line number="186" hits="6"/><line number="187" hits="4"/><line number="190" hits="0"/><line number="192" hits="3"/><line number="196" hits="4"/><line number="199" hits="6"/><line number="200" hits="2"/><line number="201" hits="6"/><line number="204" hits="1"/><line number="205" hits="1"/><line number="208" hits="4"/><line number="209" hits="4"/><line number="210" hits="4"/><line number="213" hits="8"/><line number="214" hits="4"/><line number="216" hits="0"/><line number="220" hits="4"/><line number="221" hits="4"/><line number="222" hits="4"/><line number="225" hits="1"/><line number="226" hits="2"/><line number="227" hits="1"/><line number="231" hits="4"/><line number="232" hits="8"/><line number="233" hits="3"/><line number="234" hits="6"/><line number="236" hits="4"/><line number="240" hits="4"/><line number="241" hits="4"/><line number="243" hits="6"/><line number="245" hits="2"/><line number="253" hits="0"/><line number="254" hits="2"/><line number="255" hits="2"/><line number="256" hits="11"/><line number="257" hits="4"/><line number="258" hits="20"/><line number="259" hits="4"/><line number="261" hits="0"/><line number="263" hits="0"/><line number="266" hits="6"/><line number="267" hits="4"/><line number="270" hits="4"/><line number="273" hits="0"/><line number="274" hits="0"/><line number="284" hits="4"/><line number="287" hits="12"/><line number="289" hits="4"/></lines></class></classes></package><package name="ic-payments/test-payment-canister/src" line-rate="0" branch-rate="0" complexity="0"><classes></classes></package><package name="icrc-ledger-types/src" line-rate="0.425" branch-rate="0" complexity="0"><classes></classes></package><package name="ic-stable-structures/src/structure/heap" line-rate="0.689922480620155" branch-rate="0" complexity="0"><classes><class name="btreemap" filename="ic-stable-structures/src/structure/heap/btreemap.rs" line-rate="0.875" branch-rate="0" complexity="0"><methods/><lines><line number="19" hits="1"/><line number="20" hits="2"/><line number="24" hits="1"/><line number="25" hits="4"/><line number="34" hits="1"/><line number="35" hits="1"/><line number="38" hits="1"/><line number="39" hits="1"/><line number="42" hits="1"/><line number="43" hits="1"/><line number="46" hits="1"/><line number="47" hits="1"/><line number="50" hits="1"/><line number="51" hits="1"/><line number="54" hits="0"/><line number="55" hits="0"/></lines></class><class name="cell" filename="ic-stable-structures/src/structure/heap/cell.rs" line-rate="0" branch-rate="0" complexity="0"><methods/><lines><line number="13" hits="0"/><line number="14" hits="0"/><line number="19" hits="0"/><line number="20" hits="0"/><line number="23" hits="0"/><line number="24" hits="0"/><line number="25" hits="0"/></lines></class><class name="log" filename="ic-stable-structures/src/structure/heap/log.rs" line-rate="0" branch-rate="0" complexity="0"><methods/><lines><line number="13" hits="0"/><line number="14" hits="0"/><line number="19" hits="0"/><line number="20" hits="0"/><line number="23" hits="0"/><line number="24" hits="0"/><line number="25" hits="0"/><line number="28" hits="0"/><line number="29" hits="0"/><line number="32" hits="0"/><line number="33" hits="0"/><line number="36" hits="0"/><line number="37" hits="0"/></lines></class><class name="multimap" filename="ic-stable-structures/src/structure/heap/multimap.rs" line-rate="0.7592592592592593" branch-rate="0" complexity="0"><methods/><lines><line number="28" hits="1"/><line number="29" hits="2"/><line number="43" hits="1"/><line number="44" hits="2"/><line number="45" hits="0"/><line number="46" hits="3"/><line number="50" hits="1"/><line number="51" hits="2"/><line number="52" hits="1"/><line number="55" hits="1"/><line number="56" hits="2"/><line number="57" hits="0"/><line number="58" hits="3"/><line number="61" hits="1"/><line number="62" hits="1"/><line number="65" hits="1"/><line number="66" hits="1"/><line number="67" hits="3"/><line number="68" hits="1"/><line number="70" hits="1"/><line number="73" hits="1"/><line number="74" hits="1"/><line number="77" hits="0"/><line number="78" hits="0"/><line number="81" hits="1"/><line number="82" hits="1"/><line number="83" hits="1"/><line number="84" hits="0"/><line number="88" hits="1"/><line number="89" hits="1"/><line number="99" hits="1"/><line number="100" hits="1"/><line number="101" hits="3"/><line number="117" hits="1"/><line number="118" hits="0"/><line number="119" hits="1"/><line number="120" hits="1"/><line number="121" hits="1"/><line number="122" hits="0"/><line number="123" hits="0"/><line number="124" hits="0"/><line number="125" hits="0"/><line number="127" hits="2"/><line number="128" hits="0"/><line number="129" hits="1"/><line number="130" hits="3"/><line number="131" hits="0"/><line number="135" hits="1"/><line number="153" hits="1"/><line number="154" hits="1"/><line number="155" hits="1"/><line number="156" hits="1"/><line number="157" hits="4"/><line number="159" hits="0"/></lines></class><class name="unbounded" filename="ic-stable-structures/src/structure/heap/unbounded.rs" line-rate="0.8888888888888888" branch-rate="0" complexity="0"><methods/><lines><line number="24" hits="1"/><line number="25" hits="2"/><line number="29" hits="1"/><line number="30" hits="1"/><line number="39" hits="1"/><line number="40" hits="1"/><line number="43" hits="1"/><line number="44" hits="2"/><line number="47" hits="1"/><line number="48" hits="1"/><line number="51" hits="1"/><line number="52" hits="1"/><line number="55" hits="1"/><line number="56" hits="1"/><line number="59" hits="0"/><line number="60" hits="0"/><line number="78" hits="1"/><line number="79" hits="4"/></lines></class><class name="vec" filename="ic-stable-structures/src/structure/heap/vec.rs" line-rate="0.8571428571428571" branch-rate="0" complexity="0"><methods/><lines><line number="13" hits="1"/><line number="14" hits="2"/><line number="18" hits="1"/><line number="19" hits="1"/><line number="24" hits="1"/><line number="25" hits="1"/><line number="28" hits="1"/><line number="29" hits="1"/><line number="30" hits="1"/><line number="33" hits="1"/><line number="34" hits="1"/><line number="37" hits="0"/><line number="38" hits="0"/><line number="39" hits="0"/><line number="42" hits="1"/><line number="43" hits="1"/><line number="46" hits="1"/><line number="47" hits="1"/><line number="48" hits="1"/><line number="51" hits="1"/><line number="52" hits="1"/></lines></class></classes></package><package name="ic-stable-structures/tests/dummy_canister/src/canister" line-rate="0" branch-rate="0" complexity="0"><classes><class name="service" filename="ic-stable-structures/tests/dummy_canister/src/canister/service.rs" line-rate="0" branch-rate="0" complexity="0"><methods/><lines><line number="17" hits="0"/><line number="20" hits="0"/><line number="24" hits="0"/><line number="28" hits="0"/><line number="32" hits="0"/><line number="36" hits="0"/><line number="40" hits="0"/><line number="44" hits="0"/><line number="48" hits="0"/><line number="52" hits="0"/><line number="62" hits="0"/><line number="63" hits="0"/><line number="64" hits="0"/><line number="65" hits="0"/><line number="71" hits="0"/><line number="72" hits="0"/><line number="73" hits="0"/><line number="79" hits="0"/><line number="80" hits="0"/><line number="81" hits="0"/><line number="87" hits="0"/><line number="88" hits="0"/><line number="89" hits="0"/><line number="95" hits="0"/><line number="96" hits="0"/><line number="97" hits="0"/><line number="103" hits="0"/><line number="104" hits="0"/><line number="105" hits="0"/><line number="113" hits="0"/><line number="114" hits="0"/><line number="117" hits="0"/><line number="118" hits="0"/><line number="119" hits="0"/><line number="120" hits="0"/><line number="126" hits="0"/><line number="127" hits="0"/><line number="130" hits="0"/><line number="131" hits="0"/><line number="132" hits="0"/><line number="134" hits="0"/><line number="135" hits="0"/><line number="139" hits="0"/><line number="140" hits="0"/><line number="143" hits="0"/><line number="144" hits="0"/><line number="145" hits="0"/><line number="147" hits="0"/><line number="148" hits="0"/><line number="150" hits="0"/><line number="154" hits="0"/><line number="155" hits="0"/><line number="158" hits="0"/><line number="159" hits="0"/><line number="162" hits="0"/><line number="163" hits="0"/><line number="166" hits="0"/><line number="167" hits="0"/><line number="168" hits="0"/><line number="169" hits="0"/><line number="171" hits="0"/><line number="175" hits="0"/><line number="176" hits="0"/><line number="179" hits="0"/><line number="180" hits="0"/><line number="181" hits="0"/><line number="182" hits="0"/><line number="184" hits="0"/><line number="186" hits="0"/><line number="190" hits="0"/><line number="191" hits="0"/><line number="194" hits="0"/><line number="195" hits="0"/><line number="196" hits="0"/><line number="198" hits="0"/><line number="199" hits="0"/><line number="201" hits="0"/></lines></class></classes></package><package name="src" line-rate="0" branch-rate="0" complexity="0"><classes></classes></package><package name="ic-stable-structures/src/memory_mapped_files" line-rate="0.8695652173913043" branch-rate="0" complexity="0"><classes><class name="memory" filename="ic-stable-structures/src/memory_mapped_files/memory.rs" line-rate="0.8888888888888888" branch-rate="0" complexity="0"><methods/><lines><line number="14" hits="1"/><line number="15" hits="1"/><line number="21" hits="0"/><line number="22" hits="0"/><line number="31" hits="1"/><line number="32" hits="2"/><line number="35" hits="1"/><line number="36" hits="1"/><line number="37" hits="2"/><line number="38" hits="1"/><line number="39" hits="3"/><line number="40" hits="1"/><line number="42" hits="1"/><line number="46" hits="1"/><line number="49" hits="1"/><line number="50" hits="2"/><line number="56" hits="1"/><line number="57" hits="2"/></lines></class><class name="memory_mapped_file" filename="ic-stable-structures/src/memory_mapped_files/memory_mapped_file.rs" line-rate="0.8627450980392157" branch-rate="0" complexity="0"><methods/><lines><line number="34" hits="8"/><line number="35" hits="9"/><line number="36" hits="2"/><line number="39" hits="9"/><line number="44" hits="0"/><line number="45" hits="9"/><line number="47" hits="8"/><line number="50" hits="2"/><line number="52" hits="8"/><line number="53" hits="8"/><line number="54" hits="2"/><line number="62" hits="2"/><line number="63" hits="2"/><line number="70" hits="2"/><line number="71" hits="2"/><line number="72" hits="0"/><line number="75" hits="8"/><line number="76" hits="0"/><line number="79" hits="2"/><line number="80" hits="0"/><line number="87" hits="16"/><line number="88" hits="2"/><line number="90" hits="8"/><line number="94" hits="2"/><line number="95" hits="2"/><line number="96" hits="1"/><line number="99" hits="8"/><line number="101" hits="4"/><line number="105" hits="5"/><line number="106" hits="5"/><line number="107" hits="1"/><line number="110" hits="12"/><line number="112" hits="6"/><line number="116" hits="1"/><line number="117" hits="1"/><line number="118" hits="0"/><line number="121" hits="2"/><line number="123" hits="1"/><line number="127" hits="2"/><line number="128" hits="2"/><line number="130" hits="3"/><line number="134" hits="1"/><line number="135" hits="2"/><line number="136" hits="2"/><line number="138" hits="1"/><line number="142" hits="0"/><line number="143" hits="0"/><line number="148" hits="2"/><line number="149" hits="2"/><line number="150" hits="2"/><line number="152" hits="1"/></lines></class></classes></package><package name="ic-log/examples" line-rate="0" branch-rate="0" complexity="0"><classes></classes></package></packages></coverage>