<?xml version="1.0"?><coverage lines-covered="1568" lines-valid="3432" line-rate="0.4568764568764569" branches-covered="0" branches-valid="0" branch-rate="0" complexity="0" version="1.9" timestamp="1678794731"><sources><source>/Users/yasirdev/Documents/Finity/canister-sdk</source></sources><packages><package name="ic-payments/src" line-rate="0.8267045454545454" branch-rate="0" complexity="0"><classes><class name="error" filename="ic-payments/src/error.rs" line-rate="0.6190476190476191" branch-rate="0" complexity="0"><methods/><lines><line number="119" hits="88"/><line number="120" hits="88"/><line number="122" hits="2"/><line number="126" hits="4"/><line number="135" hits="82"/><line number="141" hits="18"/><line number="142" hits="18"/><line number="150" hits="16"/><line number="152" hits="2"/><line number="153" hits="2"/><line number="160" hits="14"/><line number="161" hits="14"/><line number="162" hits="14"/><line number="163" hits="0"/><line number="164" hits="0"/><line number="165" hits="0"/><line number="166" hits="0"/><line number="172" hits="0"/><line number="173" hits="0"/><line number="174" hits="0"/><line number="175" hits="0"/></lines></class><class name="icrc1" filename="ic-payments/src/icrc1.rs" line-rate="0.5769230769230769" branch-rate="0" complexity="0"><methods/><lines><line number="23" hits="15"/><line number="24" hits="75"/><line number="25" hits="15"/><line number="29" hits="195"/><line number="41" hits="195"/><line number="42" hits="195"/><line number="47" hits="90"/><line number="48" hits="693"/><line number="49" hits="105"/><line number="51" hits="90"/><line number="52" hits="90"/><line number="53" hits="90"/><line number="54" hits="90"/><line number="59" hits="0"/><line number="62" hits="0"/><line number="63" hits="0"/><line number="64" hits="0"/><line number="65" hits="0"/><line number="68" hits="0"/><line number="69" hits="0"/><line number="70" hits="0"/><line number="71" hits="0"/><line number="76" hits="0"/><line number="77" hits="0"/><line number="81" hits="1"/><line number="82" hits="4"/></lines></class><class name="lib" filename="ic-payments/src/lib.rs" line-rate="1" branch-rate="0" complexity="0"><methods/><lines><line number="147" hits="84"/><line number="148" hits="167"/><line number="149" hits="3"/><line number="151" hits="81"/></lines></class><class name="recovery_list" filename="ic-payments/src/recovery_list.rs" line-rate="1" branch-rate="0" complexity="0"><methods/><lines><line number="17" hits="22"/><line number="18" hits="22"/><line number="19" hits="22"/><line number="26" hits="60"/><line number="27" hits="60"/><line number="32" hits="120"/><line number="33" hits="120"/><line number="36" hits="91"/><line number="37" hits="91"/><line number="38" hits="91"/><line number="39" hits="91"/><line number="51" hits="60"/><line number="52" hits="120"/><line number="53" hits="60"/><line number="56" hits="95"/><line number="57" hits="95"/><line number="73" hits="99"/><line number="77" hits="198"/><line number="78" hits="99"/><line number="79" hits="220"/><line number="80" hits="99"/><line number="86" hits="60"/><line number="87" hits="120"/><line number="88" hits="60"/><line number="89" hits="60"/><line number="91" hits="60"/><line number="92" hits="60"/><line number="93" hits="60"/><line number="94" hits="60"/><line number="95" hits="60"/><line number="96" hits="60"/><line number="100" hits="32"/><line number="101" hits="64"/><line number="102" hits="116"/><line number="103" hits="32"/><line number="104" hits="32"/><line number="108" hits="7"/><line number="109" hits="67"/></lines></class><class name="token_terminal" filename="ic-payments/src/token_terminal.rs" line-rate="0.7592592592592593" branch-rate="0" complexity="0"><methods/><lines><line number="106" hits="39"/><line number="107" hits="39"/><line number="120" hits="0"/><line number="144" hits="1"/><line number="149" hits="1"/><line number="158" hits="0"/><line number="162" hits="0"/><line number="163" hits="0"/><line number="164" hits="0"/><line number="186" hits="2"/><line number="191" hits="2"/><line number="192" hits="2"/><line number="193" hits="2"/><line number="196" hits="2"/><line number="197" hits="2"/><line number="198" hits="2"/><line number="199" hits="2"/><line number="200" hits="2"/><line number="202" hits="2"/><line number="203" hits="2"/><line number="204" hits="4"/><line number="206" hits="4"/><line number="208" hits="1"/><line number="216" hits="2"/><line number="221" hits="2"/><line number="222" hits="2"/><line number="223" hits="2"/><line number="226" hits="2"/><line number="228" hits="2"/><line number="229" hits="2"/><line number="231" hits="2"/><line number="232" hits="4"/><line number="234" hits="2"/><line number="236" hits="4"/><line number="238" hits="1"/><line number="253" hits="125"/><line number="254" hits="125"/><line number="264" hits="99"/><line number="265" hits="46"/><line number="266" hits="0"/><line number="267" hits="53"/><line number="268" hits="49"/><line number="271" hits="53"/><line number="281" hits="16"/><line number="282" hits="0"/><line number="283" hits="2"/><line number="284" hits="2"/><line number="285" hits="0"/><line number="286" hits="0"/><line number="288" hits="2"/><line number="291" hits="0"/><line number="292" hits="14"/><line number="293" hits="3"/><line number="296" hits="14"/><line number="302" hits="89"/><line number="303" hits="89"/><line number="304" hits="54"/><line number="305" hits="54"/><line number="308" hits="35"/><line number="312" hits="0"/><line number="313" hits="0"/><line number="317" hits="1"/><line number="318" hits="1"/><line number="322" hits="1"/><line number="323" hits="1"/><line number="327" hits="0"/><line number="328" hits="0"/><line number="333" hits="2"/><line number="334" hits="2"/><line number="335" hits="2"/><line number="340" hits="1"/><line number="341" hits="1"/><line number="342" hits="1"/><line number="345" hits="3"/><line number="346" hits="7"/><line number="347" hits="2"/><line number="348" hits="2"/><line number="352" hits="52"/><line number="357" hits="52"/><line number="360" hits="56"/><line number="361" hits="56"/><line number="372" hits="24"/><line number="373" hits="12"/><line number="374" hits="57"/><line number="375" hits="45"/><line number="376" hits="45"/><line number="378" hits="0"/><line number="379" hits="0"/><line number="383" hits="12"/><line number="386" hits="45"/><line number="387" hits="85"/><line number="388" hits="30"/><line number="389" hits="4"/><line number="391" hits="16"/><line number="394" hits="40"/><line number="397" hits="125"/><line number="402" hits="125"/><line number="403" hits="57"/><line number="404" hits="66"/><line number="406" hits="0"/><line number="407" hits="53"/><line number="409" hits="2"/><line number="410" hits="2"/><line number="411" hits="0"/><line number="413" hits="26"/><line number="417" hits="70"/><line number="422" hits="70"/><line number="423" hits="33"/><line number="424" hits="33"/><line number="426" hits="0"/><line number="427" hits="0"/><line number="428" hits="0"/><line number="430" hits="0"/><line number="431" hits="0"/><line number="432" hits="0"/><line number="433" hits="0"/><line number="434" hits="0"/><line number="435" hits="0"/><line number="437" hits="0"/><line number="438" hits="35"/><line number="440" hits="4"/><line number="444" hits="2"/><line number="450" hits="2"/><line number="451" hits="0"/><line number="452" hits="0"/><line number="454" hits="4"/><line number="455" hits="2"/><line number="457" hits="1"/><line number="460" hits="1"/><line number="461" hits="1"/><line number="462" hits="1"/><line number="464" hits="3"/><line number="465" hits="1"/><line number="468" hits="1"/><line number="471" hits="1"/><line number="472" hits="1"/><line number="473" hits="0"/><line number="474" hits="0"/><line number="475" hits="0"/><line number="477" hits="1"/><line number="481" hits="45"/><line number="482" hits="45"/><line number="485" hits="15"/><line number="486" hits="30"/><line number="487" hits="30"/><line number="489" hits="15"/><line number="490" hits="1"/><line number="491" hits="1"/><line number="492" hits="1"/><line number="494" hits="8"/><line number="495" hits="1"/><line number="496" hits="1"/><line number="498" hits="5"/><line number="499" hits="5"/><line number="500" hits="0"/><line number="506" hits="0"/><line number="507" hits="0"/><line number="513" hits="0"/><line number="515" hits="0"/><line number="516" hits="0"/><line number="527" hits="2"/><line number="528" hits="2"/></lines></class><class name="transfer" filename="ic-payments/src/transfer.rs" line-rate="0.9702970297029703" branch-rate="0" complexity="0"><methods/><lines><line number="98" hits="81"/><line number="105" hits="81"/><line number="106" hits="81"/><line number="107" hits="81"/><line number="108" hits="81"/><line number="110" hits="81"/><line number="113" hits="81"/><line number="121" hits="81"/><line number="127" hits="4"/><line number="132" hits="50"/><line number="133" hits="100"/><line number="134" hits="50"/><line number="135" hits="0"/><line number="139" hits="50"/><line number="145" hits="4"/><line number="147" hits="4"/><line number="156" hits="195"/><line number="158" hits="195"/><line number="159" hits="195"/><line number="160" hits="195"/><line number="161" hits="195"/><line number="162" hits="195"/><line number="163" hits="195"/><line number="164" hits="195"/><line number="166" hits="0"/><line number="169" hits="122"/><line number="172" hits="122"/><line number="173" hits="122"/><line number="174" hits="122"/><line number="175" hits="122"/><line number="176" hits="122"/><line number="177" hits="122"/><line number="178" hits="122"/><line number="179" hits="122"/><line number="181" hits="122"/><line number="182" hits="122"/><line number="183" hits="122"/><line number="184" hits="122"/><line number="186" hits="122"/><line number="190" hits="137"/><line number="191" hits="59"/><line number="192" hits="79"/><line number="193" hits="58"/><line number="198" hits="286"/><line number="200" hits="286"/><line number="201" hits="286"/><line number="207" hits="137"/><line number="208" hits="60"/><line number="209" hits="79"/><line number="210" hits="58"/><line number="217" hits="4"/><line number="218" hits="4"/><line number="219" hits="4"/><line number="220" hits="0"/><line number="224" hits="50"/><line number="226" hits="50"/><line number="227" hits="50"/><line number="231" hits="146"/><line number="232" hits="146"/><line number="233" hits="1"/><line number="234" hits="1"/><line number="238" hits="290"/><line number="241" hits="3"/><line number="242" hits="3"/><line number="247" hits="136"/><line number="258" hits="225"/><line number="260" hits="120"/><line number="261" hits="120"/><line number="264" hits="187"/><line number="268" hits="152"/><line number="269" hits="304"/><line number="270" hits="152"/><line number="275" hits="6"/><line number="276" hits="6"/><line number="279" hits="290"/><line number="280" hits="290"/><line number="284" hits="149"/><line number="285" hits="149"/><line number="287" hits="151"/><line number="288" hits="147"/><line number="294" hits="67"/><line number="295" hits="67"/><line number="299" hits="52"/><line number="300" hits="52"/><line number="304" hits="5"/><line number="306" hits="5"/><line number="312" hits="5"/><line number="318" hits="2"/><line number="326" hits="241"/><line number="327" hits="241"/><line number="331" hits="31"/><line number="332" hits="31"/><line number="339" hits="90"/><line number="340" hits="46"/><line number="341" hits="46"/><line number="342" hits="46"/><line number="343" hits="46"/><line number="344" hits="46"/><line number="345" hits="46"/><line number="346" hits="46"/><line number="348" hits="53"/></lines></class></classes></package><package name="cmc-mock/src" line-rate="0" branch-rate="0" complexity="0"><classes><class name="lib" filename="cmc-mock/src/lib.rs" line-rate="0" branch-rate="0" complexity="0"><methods/><lines><line number="34" hits="0"/><line number="36" hits="0"/><line number="37" hits="0"/><line number="56" hits="0"/><line number="57" hits="0"/><line number="62" hits="0"/><line number="63" hits="0"/><line number="64" hits="0"/><line number="67" hits="0"/><line number="68" hits="0"/><line number="70" hits="0"/><line number="74" hits="0"/><line number="75" hits="0"/><line number="79" hits="0"/><line number="80" hits="0"/><line number="84" hits="0"/><line number="85" hits="0"/><line number="88" hits="0"/><line number="89" hits="0"/><line number="90" hits="0"/><line number="92" hits="0"/><line number="93" hits="0"/><line number="95" hits="0"/><line number="98" hits="0"/><line number="100" hits="0"/><line number="103" hits="0"/><line number="108" hits="0"/><line number="109" hits="0"/><line number="110" hits="0"/><line number="114" hits="0"/><line number="115" hits="0"/><line number="118" hits="0"/><line number="119" hits="0"/><line number="120" hits="0"/><line number="124" hits="0"/><line number="130" hits="0"/><line number="133" hits="0"/><line number="135" hits="0"/><line number="136" hits="0"/><line number="138" hits="0"/></lines></class></classes></package><package name="ic-helpers/src/principal" line-rate="0.05263157894736842" branch-rate="0" complexity="0"><classes><class name="ledger" filename="ic-helpers/src/principal/ledger.rs" line-rate="0" branch-rate="0" complexity="0"><methods/><lines><line number="32" hits="0"/><line number="37" hits="0"/><line number="39" hits="0"/><line number="41" hits="0"/><line number="43" hits="0"/><line number="44" hits="0"/><line number="47" hits="0"/><line number="54" hits="0"/><line number="55" hits="0"/><line number="56" hits="0"/><line number="57" hits="0"/><line number="58" hits="0"/><line number="63" hits="0"/><line number="64" hits="0"/><line number="67" hits="0"/><line number="71" hits="0"/><line number="73" hits="0"/><line number="74" hits="0"/></lines></class><class name="management" filename="ic-helpers/src/principal/management.rs" line-rate="0.0625" branch-rate="0" complexity="0"><methods/><lines><line number="153" hits="0"/><line number="154" hits="0"/><line number="155" hits="0"/><line number="156" hits="0"/><line number="158" hits="0"/><line number="162" hits="0"/><line number="166" hits="0"/><line number="167" hits="0"/><line number="169" hits="0"/><line number="174" hits="0"/><line number="177" hits="0"/><line number="181" hits="0"/><line number="182" hits="0"/><line number="184" hits="0"/><line number="185" hits="0"/><line number="186" hits="0"/><line number="188" hits="0"/><line number="189" hits="0"/><line number="192" hits="0"/><line number="195" hits="0"/><line number="202" hits="0"/><line number="206" hits="0"/><line number="207" hits="0"/><line number="209" hits="0"/><line number="210" hits="0"/><line number="213" hits="0"/><line number="216" hits="0"/><line number="221" hits="0"/><line number="224" hits="0"/><line number="227" hits="0"/><line number="228" hits="0"/><line number="230" hits="0"/><line number="231" hits="0"/><line number="233" hits="0"/><line number="236" hits="0"/><line number="240" hits="0"/><line number="241" hits="0"/><line number="243" hits="0"/><line number="244" hits="0"/><line number="245" hits="0"/><line number="249" hits="0"/><line number="252" hits="0"/><line number="258" hits="0"/><line number="259" hits="0"/><line number="261" hits="0"/><line number="262" hits="0"/><line number="263" hits="0"/><line number="264" hits="0"/><line number="265" hits="0"/><line number="269" hits="0"/><line number="272" hits="0"/><line number="273" hits="0"/><line number="274" hits="0"/><line number="276" hits="0"/><line number="279" hits="0"/><line number="282" hits="0"/><line number="283" hits="0"/><line number="284" hits="0"/><line number="286" hits="0"/><line number="289" hits="0"/><line number="292" hits="0"/><line number="293" hits="0"/><line number="294" hits="0"/><line number="296" hits="0"/><line number="299" hits="0"/><line number="302" hits="0"/><line number="303" hits="0"/><line number="304" hits="0"/><line number="306" hits="0"/><line number="307" hits="0"/><line number="309" hits="0"/><line number="312" hits="0"/><line number="313" hits="0"/><line number="314" hits="0"/><line number="316" hits="0"/><line number="319" hits="0"/><line number="322" hits="0"/><line number="323" hits="0"/><line number="324" hits="0"/><line number="326" hits="0"/><line number="329" hits="0"/><line number="332" hits="0"/><line number="333" hits="0"/><line number="336" hits="0"/><line number="337" hits="0"/><line number="338" hits="0"/><line number="340" hits="0"/><line number="341" hits="0"/><line number="342" hits="0"/><line number="346" hits="0"/><line number="359" hits="1"/><line number="360" hits="1"/><line number="361" hits="1"/><line number="363" hits="1"/><line number="367" hits="1"/><line number="371" hits="1"/></lines></class></classes></package><package name="ic-payments/tests" line-rate="1" branch-rate="0" complexity="0"><classes><class name="double_step" filename="ic-payments/tests/double_step.rs" line-rate="1" branch-rate="0" complexity="0"><methods/><lines><line number="20" hits="1"/><line number="21" hits="2"/><line number="22" hits="1"/><line number="23" hits="1"/><line number="25" hits="1"/><line number="26" hits="1"/><line number="27" hits="1"/><line number="33" hits="2"/><line number="34" hits="1"/><line number="37" hits="1"/><line number="38" hits="2"/><line number="39" hits="1"/><line number="40" hits="1"/><line number="41" hits="1"/><line number="44" hits="1"/><line number="46" hits="3"/><line number="47" hits="2"/><line number="48" hits="2"/><line number="49" hits="1"/><line number="51" hits="1"/><line number="57" hits="1"/><line number="58" hits="1"/><line number="59" hits="1"/><line number="65" hits="3"/><line number="66" hits="1"/><line number="67" hits="1"/><line number="68" hits="1"/><line number="69" hits="1"/><line number="72" hits="1"/><line number="73" hits="2"/><line number="74" hits="1"/><line number="75" hits="1"/><line number="77" hits="1"/><line number="78" hits="1"/><line number="79" hits="1"/><line number="85" hits="2"/><line number="86" hits="1"/><line number="89" hits="1"/><line number="90" hits="2"/><line number="91" hits="1"/><line number="92" hits="1"/><line number="95" hits="1"/><line number="97" hits="3"/><line number="98" hits="2"/><line number="99" hits="2"/><line number="100" hits="1"/><line number="102" hits="1"/><line number="108" hits="1"/><line number="109" hits="1"/><line number="110" hits="1"/><line number="116" hits="2"/><line number="117" hits="1"/><line number="118" hits="1"/><line number="121" hits="1"/><line number="122" hits="2"/><line number="123" hits="1"/><line number="125" hits="4"/><line number="126" hits="3"/><line number="130" hits="1"/><line number="131" hits="1"/><line number="132" hits="1"/><line number="138" hits="2"/><line number="140" hits="1"/><line number="142" hits="2"/><line number="143" hits="1"/><line number="144" hits="1"/><line number="145" hits="1"/><line number="146" hits="1"/><line number="149" hits="1"/><line number="150" hits="2"/><line number="151" hits="1"/><line number="152" hits="1"/><line number="153" hits="5"/><line number="154" hits="4"/><line number="155" hits="1"/><line number="156" hits="2"/><line number="157" hits="1"/><line number="159" hits="3"/><line number="164" hits="1"/><line number="165" hits="1"/><line number="166" hits="1"/><line number="172" hits="2"/><line number="174" hits="1"/><line number="175" hits="2"/><line number="177" hits="1"/><line number="178" hits="1"/><line number="179" hits="1"/><line number="180" hits="1"/><line number="183" hits="4"/><line number="188" hits="4"/><line number="189" hits="4"/><line number="191" hits="4"/><line number="193" hits="8"/><line number="194" hits="4"/><line number="195" hits="4"/><line number="196" hits="4"/><line number="200" hits="4"/><line number="202" hits="4"/><line number="205" hits="1"/><line number="206" hits="2"/><line number="207" hits="1"/><line number="209" hits="4"/><line number="210" hits="3"/><line number="214" hits="1"/><line number="215" hits="1"/><line number="216" hits="1"/><line number="222" hits="1"/><line number="223" hits="2"/><line number="224" hits="1"/><line number="225" hits="1"/><line number="227" hits="1"/><line number="228" hits="2"/><line number="229" hits="1"/><line number="230" hits="1"/><line number="231" hits="1"/><line number="232" hits="1"/><line number="234" hits="1"/><line number="235" hits="1"/><line number="236" hits="1"/><line number="239" hits="1"/><line number="240" hits="2"/><line number="241" hits="1"/><line number="243" hits="4"/><line number="244" hits="3"/><line number="248" hits="1"/><line number="249" hits="1"/><line number="250" hits="1"/><line number="256" hits="1"/><line number="257" hits="2"/><line number="258" hits="1"/><line number="259" hits="1"/><line number="261" hits="1"/><line number="262" hits="2"/><line number="263" hits="1"/><line number="264" hits="1"/><line number="265" hits="1"/><line number="266" hits="1"/><line number="267" hits="1"/><line number="270" hits="1"/><line number="271" hits="2"/><line number="272" hits="1"/><line number="274" hits="1"/><line number="275" hits="5"/><line number="276" hits="4"/><line number="277" hits="1"/><line number="278" hits="2"/><line number="279" hits="1"/><line number="281" hits="3"/><line number="286" hits="1"/><line number="287" hits="1"/><line number="288" hits="1"/><line number="294" hits="1"/><line number="295" hits="2"/><line number="296" hits="1"/><line number="297" hits="1"/><line number="299" hits="1"/><line number="300" hits="2"/><line number="301" hits="1"/><line number="302" hits="1"/><line number="303" hits="1"/><line number="304" hits="1"/><line number="305" hits="1"/><line number="308" hits="1"/><line number="309" hits="2"/><line number="310" hits="1"/><line number="312" hits="1"/><line number="313" hits="5"/><line number="314" hits="4"/><line number="315" hits="1"/><line number="316" hits="2"/><line number="317" hits="1"/><line number="319" hits="3"/><line number="324" hits="1"/><line number="325" hits="1"/><line number="326" hits="1"/><line number="332" hits="1"/><line number="333" hits="2"/><line number="334" hits="1"/><line number="335" hits="1"/><line number="337" hits="1"/><line number="338" hits="2"/><line number="339" hits="1"/><line number="340" hits="1"/><line number="341" hits="1"/><line number="342" hits="1"/><line number="343" hits="1"/><line number="346" hits="1"/><line number="347" hits="2"/><line number="352" hits="1"/><line number="354" hits="1"/><line number="355" hits="1"/><line number="356" hits="45"/><line number="357" hits="44"/><line number="358" hits="44"/><line number="359" hits="6"/><line number="360" hits="6"/><line number="361" hits="6"/><line number="362" hits="12"/><line number="363" hits="6"/><line number="364" hits="38"/><line number="365" hits="10"/><line number="366" hits="10"/><line number="367" hits="7"/><line number="369" hits="4"/><line number="370" hits="4"/><line number="371" hits="4"/><line number="372" hits="12"/><line number="373" hits="4"/><line number="375" hits="34"/><line number="376" hits="34"/><line number="380" hits="1"/><line number="381" hits="1"/><line number="382" hits="1"/><line number="383" hits="38"/><line number="385" hits="37"/><line number="386" hits="37"/><line number="387" hits="37"/><line number="393" hits="37"/><line number="394" hits="3"/><line number="395" hits="34"/><line number="398" hits="37"/><line number="401" hits="1"/><line number="402" hits="1"/><line number="404" hits="1"/><line number="405" hits="1"/><line number="406" hits="1"/><line number="408" hits="1"/><line number="411" hits="1"/><line number="413" hits="13"/><line number="416" hits="1"/><line number="417" hits="2"/><line number="418" hits="1"/><line number="419" hits="36"/><line number="421" hits="1"/><line number="422" hits="1"/><line number="423" hits="1"/><line number="425" hits="1"/></lines></class><class name="handle_responses" filename="ic-payments/tests/handle_responses.rs" line-rate="1" branch-rate="0" complexity="0"><methods/><lines><line number="15" hits="1"/><line number="16" hits="2"/><line number="17" hits="1"/><line number="18" hits="1"/><line number="20" hits="2"/><line number="21" hits="1"/><line number="24" hits="1"/><line number="25" hits="2"/><line number="26" hits="1"/><line number="27" hits="2"/><line number="28" hits="1"/><line number="29" hits="1"/><line number="30" hits="1"/><line number="34" hits="1"/><line number="35" hits="2"/><line number="36" hits="1"/><line number="37" hits="2"/><line number="38" hits="1"/><line number="39" hits="1"/><line number="42" hits="2"/><line number="43" hits="1"/><line number="44" hits="1"/><line number="45" hits="1"/><line number="46" hits="1"/><line number="51" hits="1"/><line number="52" hits="2"/><line number="53" hits="1"/><line number="54" hits="1"/><line number="55" hits="1"/><line number="56" hits="1"/><line number="57" hits="1"/><line number="58" hits="1"/><line number="59" hits="1"/><line number="62" hits="11"/><line number="63" hits="10"/><line number="64" hits="5"/><line number="65" hits="5"/><line number="68" hits="10"/><line number="69" hits="5"/><line number="70" hits="5"/><line number="71" hits="5"/><line number="76" hits="1"/><line number="77" hits="2"/><line number="78" hits="1"/><line number="79" hits="2"/><line number="80" hits="1"/><line number="81" hits="1"/><line number="85" hits="2"/><line number="86" hits="1"/><line number="87" hits="1"/><line number="88" hits="1"/><line number="89" hits="1"/><line number="90" hits="1"/><line number="96" hits="1"/><line number="97" hits="2"/><line number="98" hits="1"/><line number="99" hits="2"/><line number="100" hits="1"/><line number="101" hits="1"/><line number="105" hits="2"/><line number="106" hits="1"/><line number="109" hits="1"/><line number="110" hits="2"/><line number="111" hits="1"/><line number="112" hits="2"/><line number="113" hits="1"/><line number="114" hits="1"/><line number="118" hits="2"/><line number="119" hits="1"/><line number="120" hits="1"/><line number="121" hits="1"/><line number="122" hits="1"/><line number="123" hits="1"/><line number="129" hits="1"/><line number="130" hits="2"/><line number="131" hits="1"/><line number="132" hits="1"/><line number="133" hits="1"/><line number="136" hits="1"/><line number="138" hits="2"/><line number="139" hits="1"/><line number="140" hits="1"/><line number="141" hits="1"/><line number="146" hits="2"/><line number="147" hits="1"/><line number="148" hits="1"/><line number="151" hits="1"/><line number="152" hits="2"/><line number="153" hits="1"/><line number="154" hits="1"/><line number="155" hits="1"/><line number="157" hits="6"/><line number="158" hits="5"/><line number="159" hits="5"/><line number="162" hits="2"/><line number="163" hits="1"/><line number="164" hits="1"/></lines></class><class name="single_step" filename="ic-payments/tests/single_step.rs" line-rate="1" branch-rate="0" complexity="0"><methods/><lines><line number="21" hits="1"/><line number="22" hits="2"/><line number="23" hits="1"/><line number="25" hits="1"/><line number="26" hits="1"/><line number="30" hits="1"/><line number="33" hits="1"/><line number="36" hits="1"/><line number="38" hits="2"/><line number="39" hits="1"/><line number="40" hits="1"/><line number="41" hits="1"/><line number="42" hits="1"/><line number="43" hits="1"/><line number="45" hits="1"/><line number="49" hits="2"/><line number="50" hits="1"/><line number="53" hits="1"/><line number="54" hits="2"/><line number="55" hits="1"/><line number="56" hits="1"/><line number="58" hits="1"/><line number="59" hits="1"/><line number="60" hits="1"/><line number="65" hits="2"/><line number="66" hits="1"/><line number="69" hits="1"/><line number="70" hits="2"/><line number="71" hits="1"/><line number="72" hits="1"/><line number="74" hits="1"/><line number="75" hits="1"/><line number="80" hits="2"/><line number="81" hits="1"/><line number="84" hits="1"/><line number="85" hits="2"/><line number="86" hits="1"/><line number="87" hits="1"/><line number="89" hits="1"/><line number="94" hits="2"/><line number="95" hits="1"/><line number="97" hits="1"/><line number="98" hits="2"/><line number="99" hits="1"/><line number="102" hits="1"/><line number="103" hits="2"/><line number="104" hits="1"/><line number="105" hits="1"/><line number="106" hits="1"/><line number="108" hits="3"/><line number="109" hits="2"/><line number="110" hits="2"/><line number="111" hits="1"/><line number="112" hits="2"/><line number="113" hits="1"/><line number="115" hits="1"/><line number="120" hits="1"/><line number="121" hits="1"/><line number="122" hits="1"/><line number="127" hits="3"/><line number="128" hits="1"/><line number="129" hits="1"/><line number="130" hits="1"/><line number="131" hits="1"/><line number="134" hits="1"/><line number="135" hits="2"/><line number="136" hits="1"/><line number="137" hits="1"/><line number="138" hits="1"/><line number="140" hits="3"/><line number="141" hits="2"/><line number="142" hits="2"/><line number="143" hits="1"/><line number="144" hits="1"/><line number="145" hits="2"/><line number="146" hits="1"/><line number="148" hits="1"/><line number="153" hits="1"/><line number="154" hits="1"/><line number="155" hits="1"/><line number="160" hits="3"/><line number="161" hits="1"/><line number="162" hits="1"/><line number="163" hits="1"/><line number="164" hits="1"/><line number="167" hits="1"/><line number="168" hits="1"/><line number="169" hits="1"/><line number="172" hits="1"/><line number="173" hits="2"/><line number="174" hits="1"/><line number="175" hits="1"/><line number="176" hits="1"/><line number="178" hits="4"/><line number="179" hits="3"/><line number="180" hits="3"/><line number="184" hits="1"/><line number="185" hits="1"/><line number="186" hits="1"/><line number="191" hits="3"/><line number="192" hits="1"/><line number="193" hits="1"/><line number="194" hits="1"/><line number="195" hits="1"/><line number="198" hits="1"/><line number="199" hits="2"/><line number="200" hits="1"/><line number="202" hits="4"/><line number="203" hits="3"/><line number="207" hits="1"/><line number="208" hits="1"/><line number="209" hits="1"/><line number="214" hits="2"/><line number="216" hits="1"/><line number="218" hits="2"/><line number="219" hits="1"/><line number="220" hits="1"/><line number="221" hits="1"/><line number="222" hits="1"/><line number="225" hits="1"/><line number="226" hits="2"/><line number="227" hits="1"/><line number="229" hits="4"/><line number="230" hits="3"/><line number="234" hits="1"/><line number="235" hits="1"/><line number="236" hits="1"/><line number="241" hits="2"/><line number="243" hits="1"/><line number="245" hits="2"/><line number="246" hits="1"/><line number="247" hits="1"/><line number="248" hits="1"/><line number="253" hits="1"/><line number="254" hits="1"/><line number="257" hits="1"/><line number="258" hits="2"/><line number="259" hits="1"/><line number="261" hits="1"/><line number="262" hits="1"/><line number="264" hits="7"/><line number="265" hits="6"/><line number="266" hits="6"/><line number="270" hits="1"/><line number="271" hits="1"/><line number="272" hits="1"/><line number="277" hits="2"/><line number="279" hits="2"/><line number="280" hits="1"/><line number="281" hits="1"/><line number="282" hits="1"/><line number="283" hits="1"/><line number="285" hits="1"/><line number="286" hits="1"/><line number="287" hits="1"/><line number="290" hits="1"/><line number="291" hits="2"/><line number="292" hits="1"/><line number="294" hits="4"/><line number="295" hits="3"/><line number="299" hits="1"/><line number="300" hits="1"/><line number="301" hits="1"/><line number="306" hits="2"/><line number="308" hits="4"/><line number="309" hits="3"/><line number="310" hits="3"/><line number="311" hits="3"/><line number="315" hits="2"/><line number="316" hits="1"/><line number="317" hits="1"/><line number="318" hits="1"/><line number="319" hits="1"/><line number="321" hits="1"/><line number="322" hits="1"/><line number="325" hits="1"/><line number="327" hits="5"/><line number="330" hits="2"/><line number="331" hits="1"/><line number="332" hits="1"/><line number="333" hits="1"/><line number="334" hits="1"/><line number="336" hits="1"/><line number="337" hits="1"/><line number="340" hits="1"/><line number="341" hits="2"/><line number="342" hits="1"/><line number="343" hits="1"/><line number="345" hits="1"/><line number="346" hits="1"/><line number="347" hits="1"/><line number="352" hits="2"/><line number="355" hits="1"/><line number="357" hits="2"/><line number="358" hits="1"/><line number="359" hits="1"/><line number="364" hits="2"/><line number="365" hits="1"/><line number="368" hits="1"/><line number="369" hits="2"/><line number="370" hits="1"/><line number="371" hits="1"/><line number="372" hits="2"/><line number="373" hits="1"/><line number="374" hits="1"/><line number="375" hits="1"/><line number="378" hits="1"/><line number="380" hits="1"/><line number="382" hits="3"/><line number="383" hits="2"/><line number="384" hits="1"/><line number="385" hits="1"/><line number="388" hits="1"/><line number="389" hits="1"/><line number="395" hits="1"/><line number="396" hits="1"/><line number="397" hits="1"/><line number="402" hits="2"/><line number="403" hits="1"/><line number="404" hits="1"/><line number="406" hits="1"/><line number="407" hits="1"/></lines></class><class name="terminal" filename="ic-payments/tests/terminal.rs" line-rate="1" branch-rate="0" complexity="0"><methods/><lines><line number="10" hits="1"/><line number="11" hits="2"/><line number="12" hits="1"/><line number="13" hits="1"/><line number="15" hits="3"/><line number="16" hits="1"/><line number="17" hits="1"/><line number="18" hits="1"/><line number="21" hits="1"/><line number="22" hits="2"/><line number="23" hits="1"/><line number="24" hits="1"/><line number="26" hits="2"/><line number="27" hits="1"/><line number="30" hits="1"/><line number="31" hits="2"/><line number="32" hits="1"/><line number="33" hits="1"/><line number="35" hits="3"/><line number="36" hits="1"/><line number="37" hits="1"/><line number="38" hits="1"/><line number="41" hits="1"/><line number="42" hits="2"/><line number="43" hits="1"/><line number="44" hits="1"/><line number="46" hits="2"/><line number="47" hits="1"/></lines></class></classes></package><package name="ic-canister/tests/canister-d/src" line-rate="0" branch-rate="0" complexity="0"><classes><class name="lib" filename="ic-canister/tests/canister-d/src/lib.rs" line-rate="0" branch-rate="0" complexity="0"><methods/><lines><line number="17" hits="0"/><line number="18" hits="0"/><line number="22" hits="0"/><line number="23" hits="0"/><line number="24" hits="0"/><line number="25" hits="0"/><line number="26" hits="0"/><line number="32" hits="0"/><line number="33" hits="0"/><line number="37" hits="0"/><line number="38" hits="0"/><line number="44" hits="0"/><line number="45" hits="0"/></lines></class></classes></package><package name="ic-canister/tests/canister-e/src" line-rate="0" branch-rate="0" complexity="0"><classes></classes></package><package name="ic-factory/src/types" line-rate="0" branch-rate="0" complexity="0"><classes><class name="canister" filename="ic-factory/src/types/canister.rs" line-rate="0" branch-rate="0" complexity="0"><methods/><lines><line number="14" hits="0"/><line number="15" hits="0"/><line number="19" hits="0"/><line number="20" hits="0"/><line number="24" hits="0"/><line number="25" hits="0"/><line number="29" hits="0"/><line number="35" hits="0"/><line number="36" hits="0"/><line number="37" hits="0"/><line number="38" hits="0"/><line number="39" hits="0"/><line number="43" hits="0"/><line number="44" hits="0"/><line number="45" hits="0"/><line number="46" hits="0"/><line number="47" hits="0"/><line number="48" hits="0"/></lines></class><class name="checksum" filename="ic-factory/src/types/checksum.rs" line-rate="0" branch-rate="0" complexity="0"><methods/><lines><line number="16" hits="0"/><line number="17" hits="0"/><line number="18" hits="0"/><line number="19" hits="0"/><line number="20" hits="0"/><line number="26" hits="0"/><line number="27" hits="0"/><line number="28" hits="0"/><line number="30" hits="0"/><line number="37" hits="0"/><line number="38" hits="0"/><line number="43" hits="0"/><line number="44" hits="0"/></lines></class></classes></package><package name="ic-factory/src" line-rate="0.08695652173913043" branch-rate="0" complexity="0"><classes><class name="api" filename="ic-factory/src/api.rs" line-rate="0" branch-rate="0" complexity="0"><methods/><lines><line number="22" hits="0"/><line number="23" hits="0"/><line number="28" hits="0"/><line number="29" hits="0"/><line number="39" hits="0"/><line number="40" hits="0"/><line number="41" hits="0"/><line number="42" hits="0"/><line number="47" hits="0"/><line number="48" hits="0"/><line number="56" hits="0"/><line number="57" hits="0"/><line number="58" hits="0"/><line number="59" hits="0"/><line number="61" hits="0"/><line number="64" hits="0"/><line number="71" hits="0"/><line number="72" hits="0"/><line number="75" hits="0"/><line number="76" hits="0"/><line number="78" hits="0"/><line number="83" hits="0"/><line number="89" hits="0"/><line number="90" hits="0"/><line number="92" hits="0"/><line number="93" hits="0"/><line number="95" hits="0"/><line number="97" hits="0"/><line number="98" hits="0"/><line number="99" hits="0"/><line number="102" hits="0"/><line number="104" hits="0"/><line number="108" hits="0"/><line number="110" hits="0"/><line number="111" hits="0"/><line number="112" hits="0"/><line number="113" hits="0"/><line number="115" hits="0"/><line number="116" hits="0"/><line number="117" hits="0"/><line number="119" hits="0"/><line number="123" hits="0"/><line number="126" hits="0"/><line number="127" hits="0"/><line number="128" hits="0"/><line number="129" hits="0"/><line number="131" hits="0"/><line number="132" hits="0"/><line number="134" hits="0"/><line number="135" hits="0"/><line number="136" hits="0"/><line number="137" hits="0"/><line number="138" hits="0"/><line number="141" hits="0"/><line number="142" hits="0"/><line number="143" hits="0"/><line number="145" hits="0"/><line number="146" hits="0"/><line number="147" hits="0"/><line number="150" hits="0"/><line number="153" hits="0"/><line number="154" hits="0"/><line number="155" hits="0"/><line number="156" hits="0"/><line number="157" hits="0"/><line number="158" hits="0"/><line number="162" hits="0"/><line number="167" hits="0"/><line number="168" hits="0"/><line number="171" hits="0"/><line number="176" hits="0"/><line number="177" hits="0"/><line number="182" hits="0"/><line number="183" hits="0"/><line number="188" hits="0"/><line number="189" hits="0"/><line number="194" hits="0"/><line number="195" hits="0"/><line number="201" hits="0"/><line number="202" hits="0"/><line number="207" hits="0"/><line number="208" hits="0"/><line number="214" hits="0"/><line number="215" hits="0"/><line number="221" hits="0"/><line number="222" hits="0"/><line number="223" hits="0"/><line number="224" hits="0"/><line number="225" hits="0"/><line number="226" hits="0"/><line number="227" hits="0"/><line number="228" hits="0"/><line number="230" hits="0"/><line number="231" hits="0"/><line number="233" hits="0"/><line number="235" hits="0"/><line number="238" hits="0"/><line number="239" hits="0"/><line number="240" hits="0"/><line number="241" hits="0"/><line number="242" hits="0"/><line number="243" hits="0"/><line number="245" hits="0"/><line number="246" hits="0"/><line number="252" hits="0"/><line number="253" hits="0"/><line number="255" hits="0"/><line number="260" hits="0"/><line number="261" hits="0"/><line number="266" hits="0"/><line number="267" hits="0"/><line number="268" hits="0"/><line number="270" hits="0"/><line number="271" hits="0"/><line number="274" hits="0"/><line number="280" hits="0"/><line number="281" hits="0"/><line number="285" hits="0"/><line number="290" hits="0"/><line number="291" hits="0"/><line number="292" hits="0"/><line number="294" hits="0"/><line number="295" hits="0"/><line number="296" hits="0"/><line number="297" hits="0"/><line number="299" hits="0"/><line number="300" hits="0"/><line number="301" hits="0"/><line number="313" hits="0"/></lines></class><class name="core" filename="ic-factory/src/core.rs" line-rate="0" branch-rate="0" complexity="0"><methods/><lines><line number="8" hits="0"/><line number="19" hits="0"/><line number="20" hits="0"/><line number="21" hits="0"/><line number="22" hits="0"/><line number="24" hits="0"/><line number="27" hits="0"/><line number="28" hits="0"/><line number="29" hits="0"/><line number="30" hits="0"/><line number="33" hits="0"/><line number="34" hits="0"/><line number="36" hits="0"/><line number="37" hits="0"/><line number="38" hits="0"/><line number="40" hits="0"/><line number="41" hits="0"/><line number="43" hits="0"/></lines></class><class name="state" filename="ic-factory/src/state.rs" line-rate="0" branch-rate="0" complexity="0"><methods/><lines><line number="44" hits="0"/><line number="45" hits="0"/><line number="46" hits="0"/><line number="47" hits="0"/><line number="52" hits="0"/><line number="53" hits="0"/><line number="56" hits="0"/><line number="57" hits="0"/><line number="85" hits="0"/><line number="86" hits="0"/><line number="91" hits="0"/><line number="92" hits="0"/><line number="95" hits="0"/><line number="96" hits="0"/><line number="104" hits="0"/><line number="105" hits="0"/><line number="110" hits="0"/><line number="111" hits="0"/><line number="116" hits="0"/><line number="117" hits="0"/><line number="118" hits="0"/><line number="119" hits="0"/><line number="120" hits="0"/><line number="123" hits="0"/><line number="124" hits="0"/><line number="125" hits="0"/><line number="126" hits="0"/><line number="129" hits="0"/><line number="130" hits="0"/><line number="133" hits="0"/><line number="141" hits="0"/><line number="142" hits="0"/><line number="143" hits="0"/><line number="152" hits="0"/><line number="156" hits="0"/><line number="157" hits="0"/><line number="159" hits="0"/><line number="164" hits="0"/><line number="165" hits="0"/><line number="169" hits="0"/><line number="170" hits="0"/><line number="174" hits="0"/><line number="175" hits="0"/><line number="179" hits="0"/><line number="180" hits="0"/><line number="184" hits="0"/><line number="185" hits="0"/><line number="189" hits="0"/><line number="190" hits="0"/><line number="194" hits="0"/><line number="195" hits="0"/><line number="199" hits="0"/><line number="200" hits="0"/><line number="232" hits="0"/><line number="239" hits="0"/><line number="241" hits="0"/><line number="242" hits="0"/><line number="243" hits="0"/><line number="244" hits="0"/><line number="245" hits="0"/><line number="260" hits="0"/><line number="265" hits="0"/><line number="267" hits="0"/><line number="268" hits="0"/><line number="270" hits="0"/><line number="273" hits="0"/><line number="274" hits="0"/><line number="277" hits="0"/><line number="278" hits="0"/><line number="282" hits="0"/><line number="283" hits="0"/><line number="284" hits="0"/><line number="285" hits="0"/><line number="289" hits="0"/><line number="290" hits="0"/><line number="291" hits="0"/><line number="292" hits="0"/><line number="293" hits="0"/><line number="298" hits="0"/><line number="299" hits="0"/><line number="303" hits="0"/><line number="304" hits="0"/><line number="308" hits="0"/><line number="309" hits="0"/><line number="314" hits="0"/><line number="315" hits="0"/><line number="320" hits="0"/><line number="321" hits="0"/><line number="324" hits="0"/><line number="325" hits="0"/><line number="326" hits="0"/><line number="327" hits="0"/><line number="336" hits="0"/><line number="337" hits="0"/><line number="338" hits="0"/><line number="345" hits="0"/><line number="350" hits="0"/><line number="351" hits="0"/><line number="352" hits="0"/><line number="353" hits="0"/><line number="355" hits="0"/><line number="361" hits="0"/><line number="362" hits="0"/><line number="363" hits="0"/><line number="365" hits="0"/><line number="369" hits="0"/><line number="370" hits="0"/><line number="371" hits="0"/><line number="373" hits="0"/><line number="388" hits="0"/><line number="389" hits="0"/><line number="391" hits="0"/><line number="394" hits="0"/><line number="402" hits="0"/><line number="403" hits="0"/><line number="408" hits="0"/><line number="409" hits="0"/><line number="411" hits="0"/><line number="415" hits="0"/><line number="419" hits="0"/><line number="420" hits="0"/><line number="421" hits="0"/><line number="422" hits="0"/><line number="426" hits="0"/><line number="427" hits="0"/><line number="428" hits="0"/><line number="429" hits="0"/><line number="430" hits="0"/><line number="434" hits="0"/><line number="435" hits="0"/><line number="436" hits="0"/><line number="437" hits="0"/><line number="438" hits="0"/><line number="446" hits="0"/><line number="451" hits="0"/><line number="452" hits="0"/><line number="454" hits="0"/><line number="458" hits="0"/><line number="463" hits="0"/><line number="464" hits="0"/><line number="465" hits="0"/><line number="466" hits="0"/><line number="468" hits="0"/><line number="474" hits="0"/><line number="475" hits="0"/><line number="482" hits="0"/><line number="487" hits="0"/><line number="488" hits="0"/><line number="492" hits="0"/><line number="497" hits="0"/><line number="498" hits="0"/><line number="499" hits="0"/><line number="500" hits="0"/><line number="501" hits="0"/><line number="506" hits="0"/><line number="509" hits="0"/><line number="510" hits="0"/><line number="511" hits="0"/><line number="523" hits="0"/><line number="539" hits="0"/><line number="541" hits="0"/><line number="543" hits="0"/><line number="544" hits="0"/><line number="550" hits="0"/><line number="551" hits="0"/><line number="556" hits="0"/><line number="557" hits="0"/><line number="561" hits="0"/><line number="569" hits="0"/><line number="571" hits="0"/><line number="574" hits="0"/><line number="581" hits="0"/><line number="588" hits="0"/><line number="589" hits="0"/><line number="590" hits="0"/><line number="591" hits="0"/><line number="592" hits="0"/><line number="594" hits="0"/><line number="595" hits="0"/><line number="598" hits="0"/><line number="599" hits="0"/><line number="600" hits="0"/><line number="601" hits="0"/><line number="602" hits="0"/><line number="603" hits="0"/><line number="604" hits="0"/><line number="609" hits="0"/><line number="610" hits="0"/><line number="611" hits="0"/><line number="612" hits="0"/><line number="614" hits="0"/><line number="616" hits="0"/><line number="619" hits="0"/><line number="621" hits="0"/><line number="625" hits="0"/><line number="632" hits="0"/><line number="633" hits="0"/><line number="635" hits="0"/><line number="636" hits="0"/><line number="640" hits="0"/><line number="642" hits="0"/><line number="643" hits="0"/><line number="645" hits="0"/><line number="652" hits="0"/><line number="653" hits="0"/><line number="656" hits="0"/><line number="657" hits="0"/><line number="672" hits="0"/><line number="673" hits="0"/><line number="674" hits="0"/><line number="675" hits="0"/><line number="678" hits="0"/><line number="679" hits="0"/><line number="680" hits="0"/><line number="683" hits="0"/><line number="684" hits="0"/><line number="686" hits="0"/><line number="689" hits="0"/><line number="693" hits="0"/><line number="696" hits="0"/><line number="700" hits="0"/><line number="701" hits="0"/><line number="702" hits="0"/><line number="703" hits="0"/><line number="704" hits="0"/><line number="705" hits="0"/><line number="709" hits="0"/><line number="710" hits="0"/></lines></class><class name="top_up" filename="ic-factory/src/top_up.rs" line-rate="0.6666666666666666" branch-rate="0" complexity="0"><methods/><lines><line number="21" hits="4"/><line number="22" hits="8"/><line number="24" hits="4"/><line number="25" hits="0"/><line number="26" hits="0"/><line number="30" hits="4"/><line number="33" hits="4"/><line number="34" hits="4"/><line number="35" hits="4"/><line number="36" hits="4"/><line number="39" hits="4"/><line number="42" hits="8"/><line number="43" hits="4"/><line number="49" hits="8"/><line number="52" hits="0"/><line number="58" hits="0"/><line number="59" hits="0"/><line number="64" hits="0"/><line number="66" hits="0"/><line number="71" hits="0"/><line number="73" hits="0"/><line number="74" hits="0"/><line number="77" hits="1"/><line number="81" hits="1"/><line number="82" hits="1"/><line number="89" hits="2"/><line number="90" hits="1"/><line number="92" hits="1"/><line number="96" hits="2"/><line number="97" hits="2"/></lines></class><class name="update_lock" filename="ic-factory/src/update_lock.rs" line-rate="0.9090909090909091" branch-rate="0" complexity="0"><methods/><lines><line number="31" hits="5"/><line number="32" hits="5"/><line number="33" hits="1"/><line number="36" hits="4"/><line number="37" hits="4"/><line number="38" hits="4"/><line number="43" hits="6"/><line number="44" hits="6"/><line number="52" hits="1"/><line number="53" hits="1"/><line number="58" hits="9"/><line number="59" hits="9"/><line number="64" hits="0"/><line number="65" hits="0"/><line number="70" hits="1"/><line number="71" hits="1"/><line number="74" hits="1"/><line number="78" hits="1"/><line number="83" hits="1"/><line number="87" hits="2"/><line number="88" hits="1"/><line number="89" hits="1"/></lines></class></classes></package><package name="ic-payments/tests/common" line-rate="1" branch-rate="0" complexity="0"><classes><class name="mod" filename="ic-payments/tests/common/mod.rs" line-rate="1" branch-rate="0" complexity="0"><methods/><lines><line number="19" hits="57"/><line number="20" hits="57"/><line number="21" hits="55"/><line number="22" hits="2"/><line number="26" hits="57"/><line number="27" hits="57"/><line number="28" hits="55"/><line number="29" hits="2"/><line number="37" hits="52"/><line number="42" hits="104"/><line number="43" hits="52"/><line number="44" hits="52"/><line number="47" hits="52"/><line number="50" hits="2"/><line number="55" hits="4"/><line number="56" hits="2"/><line number="57" hits="2"/><line number="60" hits="2"/><line number="65" hits="30"/><line number="66" hits="60"/><line number="67" hits="30"/><line number="68" hits="30"/><line number="69" hits="117"/><line number="70" hits="117"/><line number="71" hits="30"/><line number="76" hits="39"/><line number="77" hits="39"/><line number="80" hits="172"/><line number="81" hits="172"/><line number="84" hits="116"/><line number="86" hits="116"/><line number="91" hits="74"/><line number="93" hits="74"/><line number="94" hits="74"/><line number="95" hits="74"/><line number="99" hits="44"/><line number="100" hits="44"/><line number="103" hits="74"/><line number="105" hits="74"/><line number="108" hits="74"/><line number="111" hits="44"/><line number="112" hits="44"/><line number="115" hits="39"/><line number="116" hits="117"/><line number="117" hits="39"/><line number="120" hits="39"/><line number="121" hits="39"/><line number="122" hits="39"/><line number="123" hits="39"/><line number="125" hits="39"/><line number="129" hits="15"/><line number="131" hits="15"/><line number="133" hits="102"/><line number="137" hits="6"/><line number="139" hits="6"/><line number="141" hits="12"/><line number="142" hits="6"/></lines></class></classes></package><package name="ic-helpers/src" line-rate="0.32234432234432236" branch-rate="0" complexity="0"><classes><class name="tokens" filename="ic-helpers/src/tokens.rs" line-rate="0.5416666666666666" branch-rate="0" complexity="0"><methods/><lines><line number="29" hits="64"/><line number="30" hits="64"/><line number="33" hits="120"/><line number="37" hits="120"/><line number="42" hits="0"/><line number="46" hits="0"/><line number="51" hits="190"/><line number="55" hits="380"/><line number="56" hits="190"/><line number="57" hits="0"/><line number="70" hits="154"/><line number="71" hits="154"/><line number="75" hits="0"/><line number="76" hits="0"/><line number="77" hits="0"/><line number="79" hits="0"/><line number="80" hits="0"/><line number="87" hits="0"/><line number="88" hits="0"/><line number="92" hits="0"/><line number="93" hits="0"/><line number="94" hits="0"/><line number="96" hits="0"/><line number="100" hits="391"/><line number="101" hits="391"/><line number="105" hits="290"/><line number="106" hits="290"/><line number="108" hits="290"/><line number="113" hits="0"/><line number="114" hits="0"/><line number="115" hits="0"/><line number="116" hits="0"/><line number="120" hits="207"/><line number="121" hits="207"/><line number="122" hits="207"/><line number="123" hits="0"/><line number="125" hits="207"/><line number="126" hits="207"/><line number="127" hits="207"/><line number="133" hits="318"/><line number="134" hits="154"/><line number="135" hits="162"/><line number="137" hits="0"/><line number="138" hits="123"/><line number="139" hits="123"/><line number="141" hits="0"/><line number="142" hits="0"/><line number="143" hits="0"/><line number="144" hits="0"/><line number="147" hits="1122"/><line number="153" hits="0"/><line number="154" hits="0"/><line number="159" hits="0"/><line number="160" hits="0"/><line number="179" hits="1"/><line number="180" hits="1"/><line number="181" hits="1"/><line number="182" hits="1"/><line number="184" hits="0"/><line number="187" hits="0"/><line number="189" hits="0"/><line number="190" hits="0"/><line number="191" hits="0"/><line number="192" hits="0"/><line number="194" hits="0"/><line number="198" hits="1"/><line number="199" hits="1"/><line number="200" hits="1"/><line number="201" hits="1"/><line number="203" hits="0"/><line number="206" hits="1"/><line number="207" hits="0"/><line number="208" hits="0"/><line number="209" hits="0"/><line number="211" hits="0"/><line number="212" hits="0"/><line number="213" hits="0"/><line number="214" hits="0"/><line number="216" hits="0"/><line number="220" hits="0"/><line number="221" hits="0"/><line number="224" hits="0"/><line number="225" hits="0"/><line number="226" hits="0"/><line number="229" hits="0"/><line number="242" hits="124"/><line number="243" hits="124"/><line number="244" hits="247"/><line number="245" hits="1"/><line number="248" hits="123"/><line number="249" hits="123"/><line number="253" hits="0"/><line number="254" hits="0"/><line number="258" hits="0"/><line number="259" hits="0"/><line number="264" hits="2"/><line number="265" hits="2"/><line number="266" hits="130"/><line number="267" hits="64"/><line number="270" hits="2"/><line number="274" hits="1"/><line number="275" hits="2"/><line number="276" hits="1"/><line number="280" hits="8"/><line number="281" hits="8"/><line number="282" hits="8"/><line number="284" hits="48"/><line number="285" hits="8"/><line number="286" hits="72"/><line number="287" hits="32"/><line number="288" hits="32"/><line number="291" hits="8"/><line number="296" hits="4"/><line number="297" hits="4"/><line number="298" hits="4"/><line number="299" hits="0"/><line number="301" hits="4"/><line number="302" hits="4"/><line number="307" hits="0"/><line number="308" hits="0"/><line number="309" hits="0"/><line number="310" hits="0"/><line number="315" hits="0"/><line number="316" hits="0"/><line number="317" hits="0"/><line number="318" hits="0"/><line number="324" hits="8"/><line number="325" hits="8"/><line number="330" hits="0"/><line number="331" hits="0"/><line number="336" hits="4"/><line number="337" hits="4"/><line number="339" hits="2"/><line number="340" hits="2"/><line number="343" hits="2"/><line number="347" hits="2"/><line number="352" hits="2"/><line number="356" hits="4"/><line number="357" hits="2"/><line number="358" hits="0"/><line number="367" hits="5"/><line number="368" hits="5"/><line number="369" hits="5"/><line number="370" hits="5"/></lines></class><class name="types" filename="ic-helpers/src/types.rs" line-rate="0.5" branch-rate="0" complexity="0"><methods/><lines><line number="7" hits="0"/><line number="8" hits="0"/><line number="13" hits="1"/><line number="14" hits="1"/><line number="17" hits="0"/><line number="18" hits="0"/><line number="21" hits="1"/><line number="22" hits="1"/></lines></class><class name="utils" filename="ic-helpers/src/utils.rs" line-rate="0" branch-rate="0" complexity="0"><methods/><lines><line number="1" hits="0"/><line number="2" hits="0"/><line number="3" hits="0"/><line number="4" hits="0"/><line number="5" hits="0"/><line number="7" hits="0"/><line number="9" hits="0"/></lines></class></classes></package><package name="ic-metrics/src" line-rate="0" branch-rate="0" complexity="0"><classes><class name="lib" filename="ic-metrics/src/lib.rs" line-rate="0" branch-rate="0" complexity="0"><methods/><lines><line number="76" hits="0"/><line number="77" hits="0"/><line number="81" hits="0"/><line number="82" hits="0"/><line number="85" hits="0"/><line number="86" hits="0"/><line number="87" hits="0"/><line number="88" hits="0"/><line number="91" hits="0"/><line number="92" hits="0"/><line number="96" hits="0"/><line number="98" hits="0"/><line number="99" hits="0"/><line number="109" hits="0"/><line number="132" hits="0"/><line number="133" hits="0"/><line number="134" hits="0"/><line number="135" hits="0"/><line number="136" hits="0"/><line number="137" hits="0"/><line number="138" hits="0"/><line number="151" hits="0"/><line number="155" hits="0"/><line number="159" hits="0"/><line number="160" hits="0"/><line number="163" hits="0"/><line number="164" hits="0"/><line number="165" hits="0"/><line number="166" hits="0"/><line number="167" hits="0"/><line number="170" hits="0"/><line number="171" hits="0"/><line number="172" hits="0"/><line number="173" hits="0"/><line number="175" hits="0"/><line number="177" hits="0"/><line number="180" hits="0"/><line number="181" hits="0"/><line number="182" hits="0"/><line number="183" hits="0"/><line number="188" hits="0"/><line number="189" hits="0"/><line number="193" hits="0"/></lines></class></classes></package><package name="ic-canister/tests/canister-b/src" line-rate="0" branch-rate="0" complexity="0"><classes></classes></package><package name="ic-storage/src" line-rate="0.8518518518518519" branch-rate="0" complexity="0"><classes><class name="error" filename="ic-storage/src/error.rs" line-rate="0" branch-rate="0" complexity="0"><methods/><lines><line number="28" hits="0"/><line number="29" hits="0"/></lines></class><class name="lib" filename="ic-storage/src/lib.rs" line-rate="1" branch-rate="0" complexity="0"><methods/><lines><line number="123" hits="1"/><line number="124" hits="1"/><line number="125" hits="1"/><line number="126" hits="1"/><line number="127" hits="1"/><line number="129" hits="1"/><line number="130" hits="1"/><line number="133" hits="1"/><line number="134" hits="1"/></lines></class><class name="stable" filename="ic-storage/src/stable.rs" line-rate="0.8478260869565217" branch-rate="0" complexity="0"><methods/><lines><line number="148" hits="0"/><line number="149" hits="0"/><line number="167" hits="0"/><line number="168" hits="0"/><line number="171" hits="0"/><line number="172" hits="0"/><line number="176" hits="10"/><line number="177" hits="10"/><line number="178" hits="10"/><line number="179" hits="5"/><line number="182" hits="5"/><line number="183" hits="5"/><line number="187" hits="4"/><line number="188" hits="8"/><line number="189" hits="3"/><line number="190" hits="1"/><line number="193" hits="2"/><line number="194" hits="4"/><line number="195" hits="2"/><line number="201" hits="6"/><line number="202" hits="10"/><line number="203" hits="2"/><line number="204" hits="4"/><line number="205" hits="0"/><line number="208" hits="6"/><line number="210" hits="8"/><line number="211" hits="2"/><line number="212" hits="1"/><line number="216" hits="5"/><line number="218" hits="5"/><line number="219" hits="5"/><line number="220" hits="5"/><line number="221" hits="5"/><line number="222" hits="5"/><line number="223" hits="5"/><line number="224" hits="5"/><line number="227" hits="5"/><line number="228" hits="10"/><line number="230" hits="5"/><line number="237" hits="8"/><line number="238" hits="8"/><line number="239" hits="8"/><line number="240" hits="8"/><line number="241" hits="4"/><line number="243" hits="8"/><line number="244" hits="4"/></lines></class><class name="testing" filename="ic-storage/src/testing.rs" line-rate="0.8627450980392157" branch-rate="0" complexity="0"><methods/><lines><line number="6" hits="5"/><line number="7" hits="5"/><line number="10" hits="0"/><line number="11" hits="0"/><line number="12" hits="0"/><line number="18" hits="17"/><line number="19" hits="51"/><line number="22" hits="2"/><line number="23" hits="2"/><line number="24" hits="2"/><line number="26" hits="2"/><line number="27" hits="2"/><line number="28" hits="2"/><line number="30" hits="2"/><line number="33" hits="2"/><line number="35" hits="2"/><line number="38" hits="7"/><line number="39" hits="14"/><line number="40" hits="7"/><line number="41" hits="7"/><line number="45" hits="20"/><line number="46" hits="40"/><line number="47" hits="20"/><line number="48" hits="20"/><line number="52" hits="4"/><line number="53" hits="8"/><line number="54" hits="4"/><line number="55" hits="4"/><line number="56" hits="4"/><line number="58" hits="4"/><line number="59" hits="4"/><line number="60" hits="4"/><line number="62" hits="0"/><line number="80" hits="5"/><line number="81" hits="5"/><line number="92" hits="4"/><line number="93" hits="8"/><line number="94" hits="4"/><line number="95" hits="4"/><line number="102" hits="20"/><line number="103" hits="20"/><line number="104" hits="4"/><line number="107" hits="20"/><line number="108" hits="20"/><line number="109" hits="20"/><line number="114" hits="15"/><line number="115" hits="15"/><line number="116" hits="30"/><line number="119" hits="0"/><line number="120" hits="0"/><line number="121" hits="0"/></lines></class></classes></package><package name="ic-stable-structures/src/storage/structures" line-rate="0.9426751592356688" branch-rate="0" complexity="0"><classes><class name="btreemap" filename="ic-stable-structures/src/storage/structures/btreemap.rs" line-rate="0.8529411764705882" branch-rate="0" complexity="0"><methods/><lines><line number="27" hits="2"/><line number="28" hits="2"/><line number="29" hits="2"/><line number="32" hits="2"/><line number="39" hits="4"/><line number="40" hits="4"/><line number="48" hits="4"/><line number="49" hits="4"/><line number="51" hits="4"/><line number="52" hits="4"/><line number="53" hits="4"/><line number="54" hits="7"/><line number="55" hits="3"/><line number="56" hits="3"/><line number="58" hits="4"/><line number="62" hits="1"/><line number="63" hits="1"/><line number="67" hits="1"/><line number="68" hits="1"/><line number="72" hits="3"/><line number="73" hits="3"/><line number="77" hits="1"/><line number="78" hits="1"/><line number="82" hits="0"/><line number="83" hits="0"/><line number="85" hits="0"/><line number="86" hits="0"/><line number="87" hits="0"/><line number="91" hits="9"/><line number="92" hits="9"/><line number="93" hits="9"/><line number="96" hits="1"/><line number="97" hits="1"/><line number="98" hits="1"/></lines></class><class name="cell" filename="ic-stable-structures/src/storage/structures/cell.rs" line-rate="0.9047619047619048" branch-rate="0" complexity="0"><methods/><lines><line number="20" hits="2"/><line number="21" hits="2"/><line number="22" hits="2"/><line number="23" hits="2"/><line number="24" hits="2"/><line number="25" hits="2"/><line number="30" hits="4"/><line number="31" hits="4"/><line number="32" hits="4"/><line number="33" hits="4"/><line number="34" hits="11"/><line number="35" hits="4"/><line number="39" hits="3"/><line number="40" hits="3"/><line number="41" hits="3"/><line number="42" hits="0"/><line number="43" hits="0"/><line number="45" hits="3"/><line number="46" hits="3"/><line number="47" hits="3"/><line number="50" hits="3"/></lines></class><class name="log" filename="ic-stable-structures/src/storage/structures/log.rs" line-rate="1" branch-rate="0" complexity="0"><methods/><lines><line number="21" hits="2"/><line number="22" hits="2"/><line number="24" hits="2"/><line number="25" hits="2"/><line number="27" hits="2"/><line number="28" hits="2"/><line number="29" hits="2"/><line number="30" hits="2"/><line number="35" hits="2"/><line number="36" hits="4"/><line number="40" hits="5"/><line number="41" hits="5"/><line number="42" hits="10"/><line number="43" hits="2"/><line number="45" hits="2"/><line number="46" hits="4"/><line number="47" hits="3"/><line number="48" hits="3"/><line number="49" hits="3"/><line number="50" hits="6"/><line number="51" hits="3"/><line number="52" hits="3"/><line number="53" hits="6"/><line number="56" hits="5"/><line number="60" hits="5"/><line number="61" hits="5"/><line number="62" hits="14"/><line number="67" hits="2"/><line number="68" hits="2"/><line number="72" hits="1"/><line number="73" hits="1"/><line number="74" hits="3"/><line number="75" hits="1"/><line number="76" hits="1"/><line number="77" hits="1"/><line number="81" hits="7"/><line number="82" hits="7"/><line number="83" hits="7"/></lines></class><class name="multimap" filename="ic-stable-structures/src/storage/structures/multimap.rs" line-rate="0.9393939393939394" branch-rate="0" complexity="0"><methods/><lines><line number="31" hits="2"/><line number="32" hits="2"/><line number="33" hits="2"/><line number="36" hits="2"/><line number="48" hits="6"/><line number="49" hits="6"/><line number="77" hits="8"/><line number="78" hits="8"/><line number="80" hits="8"/><line number="81" hits="11"/><line number="82" hits="3"/><line number="83" hits="3"/><line number="86" hits="8"/><line number="113" hits="1"/><line number="114" hits="1"/><line number="143" hits="1"/><line number="144" hits="1"/><line number="170" hits="1"/><line number="171" hits="1"/><line number="195" hits="2"/><line number="196" hits="2"/><line number="200" hits="6"/><line number="201" hits="6"/><line number="205" hits="1"/><line number="206" hits="1"/><line number="210" hits="0"/><line number="211" hits="0"/><line number="214" hits="15"/><line number="215" hits="15"/><line number="216" hits="15"/><line number="219" hits="2"/><line number="220" hits="2"/><line number="221" hits="2"/></lines></class><class name="unbounded" filename="ic-stable-structures/src/storage/structures/unbounded.rs" line-rate="1" branch-rate="0" complexity="0"><methods/><lines><line number="31" hits="24"/><line number="32" hits="24"/><line number="33" hits="24"/><line number="36" hits="24"/><line number="46" hits="5"/><line number="47" hits="5"/><line number="54" hits="65"/><line number="55" hits="65"/><line number="57" hits="65"/><line number="58" hits="65"/><line number="59" hits="65"/><line number="60" hits="86"/><line number="61" hits="21"/><line number="62" hits="21"/><line number="64" hits="65"/><line number="71" hits="1"/><line number="72" hits="1"/><line number="76" hits="40"/><line number="77" hits="40"/><line number="81" hits="3"/><line number="82" hits="3"/><line number="86" hits="1"/><line number="87" hits="1"/><line number="91" hits="32"/><line number="92" hits="32"/><line number="95" hits="49"/><line number="96" hits="49"/><line number="97" hits="49"/><line number="100" hits="33"/><line number="101" hits="33"/><line number="102" hits="33"/></lines></class></classes></package><package name="ic-factory/src/state" line-rate="0" branch-rate="0" complexity="0"><classes><class name="v1" filename="ic-factory/src/state/v1.rs" line-rate="0" branch-rate="0" complexity="0"><methods/><lines><line number="19" hits="0"/><line number="20" hits="0"/></lines></class></classes></package><package name="ic-exports/src" line-rate="0" branch-rate="0" complexity="0"><classes></classes></package><package name="ic-auction/src" line-rate="0" branch-rate="0" complexity="0"><classes><class name="api" filename="ic-auction/src/api.rs" line-rate="0" branch-rate="0" complexity="0"><methods/><lines><line number="17" hits="0"/><line number="18" hits="0"/><line number="19" hits="0"/><line number="20" hits="0"/><line number="21" hits="0"/><line number="23" hits="0"/><line number="24" hits="0"/><line number="25" hits="0"/><line number="31" hits="0"/><line number="32" hits="0"/><line number="43" hits="0"/><line number="44" hits="0"/><line number="46" hits="0"/><line number="47" hits="0"/><line number="50" hits="0"/><line number="51" hits="0"/><line number="52" hits="0"/><line number="53" hits="0"/><line number="54" hits="0"/><line number="55" hits="0"/><line number="59" hits="0"/><line number="61" hits="0"/><line number="63" hits="0"/><line number="64" hits="0"/><line number="67" hits="0"/><line number="76" hits="0"/><line number="77" hits="0"/><line number="82" hits="0"/><line number="83" hits="0"/><line number="88" hits="0"/><line number="89" hits="0"/><line number="98" hits="0"/><line number="99" hits="0"/><line number="106" hits="0"/><line number="107" hits="0"/><line number="110" hits="0"/><line number="111" hits="0"/><line number="118" hits="0"/><line number="119" hits="0"/><line number="122" hits="0"/><line number="123" hits="0"/><line number="130" hits="0"/><line number="131" hits="0"/><line number="134" hits="0"/><line number="135" hits="0"/><line number="141" hits="0"/><line number="142" hits="0"/><line number="146" hits="0"/></lines></class><class name="state" filename="ic-auction/src/state.rs" line-rate="0" branch-rate="0" complexity="0"><methods/><lines><line number="67" hits="0"/><line number="68" hits="0"/><line number="69" hits="0"/><line number="70" hits="0"/><line number="73" hits="0"/><line number="74" hits="0"/><line number="75" hits="0"/><line number="76" hits="0"/><line number="81" hits="0"/><line number="84" hits="0"/><line number="85" hits="0"/><line number="87" hits="0"/><line number="105" hits="0"/><line number="107" hits="0"/><line number="108" hits="0"/><line number="109" hits="0"/><line number="116" hits="0"/><line number="119" hits="0"/><line number="123" hits="0"/><line number="128" hits="0"/><line number="129" hits="0"/><line number="130" hits="0"/><line number="131" hits="0"/><line number="132" hits="0"/><line number="135" hits="0"/><line number="139" hits="0"/><line number="140" hits="0"/><line number="141" hits="0"/><line number="142" hits="0"/><line number="143" hits="0"/><line number="144" hits="0"/><line number="148" hits="0"/><line number="149" hits="0"/><line number="150" hits="0"/><line number="151" hits="0"/><line number="154" hits="0"/><line number="155" hits="0"/><line number="156" hits="0"/><line number="160" hits="0"/><line number="164" hits="0"/><line number="165" hits="0"/><line number="166" hits="0"/><line number="167" hits="0"/><line number="170" hits="0"/><line number="171" hits="0"/><line number="172" hits="0"/><line number="174" hits="0"/><line number="177" hits="0"/><line number="179" hits="0"/><line number="180" hits="0"/><line number="181" hits="0"/><line number="182" hits="0"/><line number="183" hits="0"/><line number="192" hits="0"/><line number="193" hits="0"/><line number="194" hits="0"/><line number="196" hits="0"/><line number="199" hits="0"/><line number="200" hits="0"/><line number="215" hits="0"/><line number="216" hits="0"/><line number="219" hits="0"/><line number="220" hits="0"/><line number="223" hits="0"/><line number="224" hits="0"/></lines></class></classes></package><package name="ic-stable-structures/src" line-rate="0.7588235294117647" branch-rate="0" complexity="0"><classes><class name="error" filename="ic-stable-structures/src/error.rs" line-rate="0" branch-rate="0" complexity="0"><methods/><lines><line number="17" hits="0"/><line number="18" hits="0"/><line number="19" hits="0"/><line number="20" hits="0"/><line number="26" hits="0"/><line number="27" hits="0"/><line number="28" hits="0"/><line number="34" hits="0"/><line number="35" hits="0"/><line number="36" hits="0"/><line number="37" hits="0"/><line number="43" hits="0"/><line number="44" hits="0"/><line number="45" hits="0"/></lines></class><class name="multimap" filename="ic-stable-structures/src/multimap.rs" line-rate="0.9655172413793104" branch-rate="0" complexity="0"><methods/><lines><line number="44" hits="13"/><line number="45" hits="13"/><line number="56" hits="34"/><line number="57" hits="34"/><line number="58" hits="69"/><line number="67" hits="8"/><line number="68" hits="8"/><line number="69" hits="24"/><line number="77" hits="3"/><line number="78" hits="3"/><line number="80" hits="3"/><line number="87" hits="2"/><line number="88" hits="2"/><line number="89" hits="2"/><line number="91" hits="2"/><line number="92" hits="2"/><line number="93" hits="2"/><line number="94" hits="8"/><line number="97" hits="14"/><line number="98" hits="4"/><line number="106" hits="2"/><line number="107" hits="2"/><line number="108" hits="2"/><line number="110" hits="2"/><line number="111" hits="2"/><line number="115" hits="3"/><line number="116" hits="3"/><line number="120" hits="11"/><line number="121" hits="11"/><line number="125" hits="3"/><line number="126" hits="3"/><line number="129" hits="1"/><line number="130" hits="5"/><line number="131" hits="10"/><line number="132" hits="3"/><line number="144" hits="28"/><line number="146" hits="28"/><line number="147" hits="28"/><line number="154" hits="0"/><line number="155" hits="0"/><line number="162" hits="95"/><line number="163" hits="95"/><line number="168" hits="111"/><line number="169" hits="111"/><line number="181" hits="45"/><line number="182" hits="45"/><line number="183" hits="45"/><line number="185" hits="45"/><line number="186" hits="45"/><line number="188" hits="45"/><line number="189" hits="45"/><line number="190" hits="45"/><line number="191" hits="45"/><line number="192" hits="45"/><line number="196" hits="45"/><line number="201" hits="7"/><line number="202" hits="7"/><line number="203" hits="7"/><line number="207" hits="4"/><line number="208" hits="4"/><line number="210" hits="4"/><line number="212" hits="4"/><line number="213" hits="4"/><line number="214" hits="4"/><line number="215" hits="4"/><line number="219" hits="4"/><line number="225" hits="4"/><line number="226" hits="4"/><line number="228" hits="4"/><line number="230" hits="4"/><line number="231" hits="4"/><line number="232" hits="4"/><line number="233" hits="4"/><line number="234" hits="4"/><line number="238" hits="4"/><line number="243" hits="10"/><line number="244" hits="10"/><line number="245" hits="10"/><line number="248" hits="53"/><line number="249" hits="53"/><line number="252" hits="254"/><line number="257" hits="254"/><line number="258" hits="508"/><line number="259" hits="0"/><line number="260" hits="0"/><line number="264" hits="131"/><line number="265" hits="131"/><line number="266" hits="131"/><line number="267" hits="131"/><line number="268" hits="131"/><line number="277" hits="142"/><line number="278" hits="142"/><line number="281" hits="131"/><line number="282" hits="131"/><line number="285" hits="131"/><line number="305" hits="22"/><line number="306" hits="22"/><line number="311" hits="34"/><line number="312" hits="34"/><line number="317" hits="34"/><line number="318" hits="34"/><line number="321" hits="36"/><line number="322" hits="36"/><line number="349" hits="2"/><line number="366" hits="5"/><line number="367" hits="5"/><line number="369" hits="13"/><line number="387" hits="3"/><line number="388" hits="3"/><line number="401" hits="9"/><line number="402" hits="16"/><line number="403" hits="7"/><line number="404" hits="7"/><line number="405" hits="7"/><line number="421" hits="1"/><line number="422" hits="1"/></lines></class><class name="storage" filename="ic-stable-structures/src/storage.rs" line-rate="1" branch-rate="0" complexity="0"><methods/><lines><line number="21" hits="64"/><line number="22" hits="64"/><line number="23" hits="64"/><line number="24" hits="64"/><line number="25" hits="101"/><line number="26" hits="37"/><line number="27" hits="37"/><line number="28" hits="37"/><line number="31" hits="64"/><line number="35" hits="32"/><line number="38" hits="32"/><line number="43" hits="64"/><line number="44" hits="192"/></lines></class><class name="unbounded" filename="ic-stable-structures/src/unbounded.rs" line-rate="0.957983193277311" branch-rate="0" complexity="0"><methods/><lines><line number="38" hits="49"/><line number="40" hits="49"/><line number="49" hits="11"/><line number="50" hits="11"/><line number="51" hits="11"/><line number="52" hits="11"/><line number="53" hits="11"/><line number="55" hits="6749"/><line number="56" hits="3369"/><line number="57" hits="3369"/><line number="60" hits="11"/><line number="61" hits="0"/><line number="64" hits="11"/><line number="71" hits="173"/><line number="72" hits="173"/><line number="73" hits="173"/><line number="75" hits="173"/><line number="77" hits="173"/><line number="80" hits="173"/><line number="81" hits="173"/><line number="82" hits="173"/><line number="84" hits="98384"/><line number="85" hits="32737"/><line number="86" hits="32737"/><line number="87" hits="32737"/><line number="90" hits="173"/><line number="97" hits="175"/><line number="98" hits="175"/><line number="99" hits="175"/><line number="100" hits="175"/><line number="101" hits="175"/><line number="102" hits="175"/><line number="103" hits="1294"/><line number="106" hits="175"/><line number="107" hits="168"/><line number="110" hits="7"/><line number="111" hits="2839"/><line number="112" hits="944"/><line number="113" hits="944"/><line number="114" hits="944"/><line number="115" hits="944"/><line number="118" hits="7"/><line number="120" hits="7"/><line number="124" hits="41"/><line number="125" hits="41"/><line number="129" hits="4"/><line number="130" hits="4"/><line number="134" hits="3"/><line number="135" hits="3"/><line number="139" hits="32"/><line number="140" hits="116"/><line number="141" hits="188"/><line number="142" hits="52"/><line number="144" hits="32"/><line number="181" hits="67031"/><line number="183" hits="67031"/><line number="190" hits="0"/><line number="191" hits="0"/><line number="198" hits="364951"/><line number="199" hits="364951"/><line number="204" hits="512318"/><line number="205" hits="512318"/><line number="214" hits="359"/><line number="215" hits="359"/><line number="216" hits="359"/><line number="218" hits="359"/><line number="219" hits="359"/><line number="220" hits="359"/><line number="221" hits="359"/><line number="222" hits="359"/><line number="223" hits="359"/><line number="231" hits="186"/><line number="232" hits="186"/><line number="234" hits="186"/><line number="235" hits="186"/><line number="236" hits="186"/><line number="238" hits="186"/><line number="239" hits="186"/><line number="242" hits="32737"/><line number="243" hits="32737"/><line number="245" hits="32737"/><line number="246" hits="32737"/><line number="248" hits="32737"/><line number="252" hits="32737"/><line number="253" hits="32737"/><line number="255" hits="32737"/><line number="259" hits="58746"/><line number="260" hits="58746"/><line number="265" hits="194"/><line number="266" hits="194"/><line number="269" hits="553"/><line number="274" hits="553"/><line number="275" hits="1106"/><line number="276" hits="0"/><line number="277" hits="0"/><line number="283" hits="442598"/><line number="284" hits="442598"/><line number="287" hits="1337128"/><line number="289" hits="1337128"/><line number="307" hits="32737"/><line number="314" hits="30150"/><line number="315" hits="30150"/><line number="318" hits="194"/><line number="319" hits="194"/><line number="324" hits="36106"/><line number="325" hits="36106"/><line number="328" hits="34761"/><line number="330" hits="34761"/><line number="357" hits="235"/><line number="358" hits="470"/><line number="359" hits="194"/><line number="361" hits="58773"/><line number="362" hits="29373"/><line number="363" hits="167"/><line number="366" hits="58412"/><line number="367" hits="29206"/><line number="370" hits="194"/><line number="371" hits="194"/><line 
[...]
ts="0"/><line number="200" hits="0"/><line number="203" hits="0"/><line number="205" hits="0"/><line number="206" hits="0"/><line number="207" hits="0"/><line number="208" hits="0"/><line number="209" hits="0"/><line number="210" hits="0"/><line number="211" hits="0"/><line number="212" hits="0"/><line number="213" hits="0"/><line number="214" hits="0"/><line number="220" hits="0"/><line number="221" hits="0"/><line number="222" hits="0"/><line number="224" hits="0"/><line number="226" hits="0"/><line number="227" hits="0"/><line number="228" hits="0"/><line number="229" hits="0"/><line number="230" hits="0"/><line number="231" hits="0"/><line number="234" hits="0"/><line number="235" hits="0"/><line number="236" hits="0"/><line number="237" hits="0"/><line number="238" hits="0"/><line number="239" hits="0"/><line number="240" hits="0"/><line number="244" hits="0"/><line number="257" hits="0"/><line number="258" hits="0"/><line number="259" hits="0"/><line number="261" hits="0"/><line number="263" hits="0"/><line number="264" hits="0"/><line number="265" hits="0"/><line number="267" hits="0"/><line number="268" hits="0"/><line number="269" hits="0"/><line number="271" hits="0"/><line number="272" hits="0"/><line number="277" hits="0"/><line number="278" hits="0"/><line number="279" hits="0"/><line number="282" hits="0"/><line number="283" hits="0"/><line number="284" hits="0"/><line number="285" hits="0"/><line number="286" hits="0"/><line number="287" hits="0"/><line number="289" hits="0"/><line number="290" hits="0"/><line number="294" hits="0"/><line number="296" hits="0"/><line number="297" hits="0"/><line number="299" hits="0"/><line number="300" hits="0"/><line number="301" hits="0"/><line number="302" hits="0"/><line number="303" hits="0"/><line number="306" hits="0"/><line number="307" hits="0"/><line number="313" hits="0"/><line number="315" hits="0"/><line number="316" hits="0"/><line number="318" hits="0"/><line number="319" hits="0"/><line number="320" hits="0"/><line number="322" hits="0"/><line number="323" hits="0"/><line number="329" hits="0"/><line number="330" hits="0"/><line number="331" hits="0"/><line number="334" hits="0"/><line number="335" hits="0"/><line number="336" hits="0"/><line number="337" hits="0"/><line number="338" hits="0"/><line number="339" hits="0"/><line number="342" hits="0"/><line number="343" hits="0"/><line number="346" hits="0"/><line number="377" hits="0"/><line number="378" hits="0"/><line number="379" hits="0"/><line number="381" hits="0"/><line number="382" hits="0"/><line number="385" hits="0"/><line number="387" hits="0"/><line number="388" hits="0"/><line number="389" hits="0"/><line number="394" hits="0"/><line number="395" hits="0"/><line number="396" hits="0"/><line number="397" hits="0"/><line number="402" hits="0"/><line number="403" hits="0"/><line number="405" hits="0"/><line number="406" hits="0"/><line number="407" hits="0"/><line number="408" hits="0"/><line number="409" hits="0"/><line number="411" hits="0"/><line number="412" hits="0"/><line number="413" hits="0"/><line number="415" hits="0"/><line number="416" hits="0"/><line number="419" hits="0"/><line number="420" hits="0"/><line number="422" hits="0"/><line number="423" hits="0"/><line number="426" hits="0"/><line number="429" hits="0"/><line number="430" hits="0"/><line number="431" hits="0"/><line number="432" hits="0"/><line number="433" hits="0"/><line number="434" hits="0"/><line number="437" hits="0"/><line number="438" hits="0"/><line number="439" hits="0"/><line number="440" hits="0"/><line number="441" hits="0"/><line number="442" hits="0"/><line number="443" hits="0"/><line number="444" hits="0"/><line number="445" hits="0"/><line number="447" hits="0"/><line number="453" hits="0"/><line number="454" hits="0"/><line number="455" hits="0"/><line number="457" hits="0"/><line number="458" hits="0"/><line number="459" hits="0"/><line number="460" hits="0"/><line number="464" hits="0"/><line number="467" hits="0"/><line number="468" hits="0"/><line number="469" hits="0"/><line number="470" hits="0"/><line number="471" hits="0"/><line number="472" hits="0"/><line number="475" hits="0"/><line number="476" hits="0"/><line number="479" hits="0"/><line number="481" hits="0"/><line number="483" hits="0"/><line number="502" hits="0"/><line number="503" hits="0"/><line number="505" hits="0"/><line number="507" hits="0"/><line number="509" hits="0"/><line number="512" hits="0"/><line number="514" hits="0"/><line number="517" hits="0"/><line number="518" hits="0"/><line number="519" hits="0"/><line number="520" hits="0"/><line number="524" hits="0"/><line number="525" hits="0"/><line number="526" hits="0"/><line number="527" hits="0"/><line number="528" hits="0"/><line number="532" hits="0"/><line number="533" hits="0"/><line number="534" hits="0"/><line number="535" hits="0"/><line number="537" hits="0"/><line number="540" hits="0"/><line number="541" hits="0"/><line number="544" hits="0"/><line number="545" hits="0"/><line number="547" hits="0"/><line number="548" hits="0"/><line number="549" hits="0"/><line number="550" hits="0"/><line number="557" hits="0"/><line number="560" hits="0"/><line number="562" hits="0"/><line number="565" hits="0"/><line number="566" hits="0"/><line number="568" hits="0"/><line number="569" hits="0"/><line number="570" hits="0"/><line number="571" hits="0"/><line number="572" hits="0"/><line number="573" hits="0"/><line number="575" hits="0"/><line number="576" hits="0"/><line number="577" hits="0"/><line number="580" hits="0"/><line number="583" hits="0"/><line number="584" hits="0"/><line number="585" hits="0"/><line number="586" hits="0"/><line number="587" hits="0"/><line number="588" hits="0"/><line number="590" hits="0"/><line number="591" hits="0"/><line number="592" hits="0"/><line number="593" hits="0"/><line number="595" hits="0"/><line number="596" hits="0"/><line number="597" hits="0"/><line number="598" hits="0"/><line number="599" hits="0"/><line number="602" hits="0"/><line number="604" hits="0"/><line number="605" hits="0"/><line number="606" hits="0"/><line number="607" hits="0"/><line number="608" hits="0"/><line number="609" hits="0"/><line number="610" hits="0"/><line number="616" hits="0"/><line number="617" hits="0"/><line number="618" hits="0"/><line number="619" hits="0"/><line number="620" hits="0"/><line number="621" hits="0"/><line number="622" hits="0"/><line number="625" hits="0"/><line number="627" hits="0"/><line number="628" hits="0"/><line number="629" hits="0"/><line number="630" hits="0"/><line number="632" hits="0"/><line number="635" hits="0"/><line number="637" hits="0"/><line number="638" hits="0"/><line number="639" hits="0"/><line number="643" hits="0"/><line number="646" hits="0"/><line number="647" hits="0"/><line number="648" hits="0"/><line number="649" hits="0"/><line number="653" hits="0"/><line number="654" hits="0"/><line number="655" hits="0"/><line number="656" hits="0"/><line number="657" hits="0"/><line number="658" hits="0"/><line number="659" hits="0"/><line number="660" hits="0"/><line number="661" hits="0"/><line number="665" hits="0"/><line number="668" hits="0"/><line number="669" hits="0"/><line number="670" hits="0"/><line number="671" hits="0"/><line number="672" hits="0"/><line number="673" hits="0"/><line number="674" hits="0"/><line number="675" hits="0"/><line number="676" hits="0"/><line number="677" hits="0"/><line number="681" hits="0"/></lines></class><class name="canister_call" filename="ic-canister/ic-canister-macros/src/canister_call.rs" line-rate="0" branch-rate="0" complexity="0"><methods/><lines><line number="16" hits="0"/><line number="17" hits="0"/><line number="18" hits="0"/><line number="19" hits="0"/><line number="20" hits="0"/><line number="21" hits="0"/><line number="24" hits="0"/><line number="26" hits="0"/><line number="27" hits="0"/><line number="28" hits="0"/><line number="29" hits="0"/><line number="30" hits="0"/><line number="32" hits="0"/><line number="34" hits="0"/><line number="35" hits="0"/><line number="36" hits="0"/><line number="37" hits="0"/><line number="42" hits="0"/><line number="43" hits="0"/><line number="45" hits="0"/><line number="46" hits="0"/><line number="47" hits="0"/><line number="48" hits="0"/><line number="49" hits="0"/><line number="50" hits="0"/><line number="52" hits="0"/><line number="53" hits="0"/><line number="54" hits="0"/><line number="55" hits="0"/><line number="56" hits="0"/><line number="59" hits="0"/><line number="61" hits="0"/><line number="63" hits="0"/><line number="66" hits="0"/><line number="67" hits="0"/><line number="68" hits="0"/><line number="69" hits="0"/><line number="70" hits="0"/><line number="71" hits="0"/><line number="73" hits="0"/><line number="75" hits="0"/><line number="76" hits="0"/><line number="77" hits="0"/><line number="82" hits="0"/><line number="85" hits="0"/><line number="86" hits="0"/><line number="88" hits="0"/><line number="89" hits="0"/><line number="90" hits="0"/><line number="91" hits="0"/><line number="92" hits="0"/><line number="93" hits="0"/><line number="94" hits="0"/><line number="96" hits="0"/><line number="98" hits="0"/><line number="100" hits="0"/><line number="103" hits="0"/><line number="105" hits="0"/><line number="106" hits="0"/><line number="107" hits="0"/><line number="108" hits="0"/><line number="110" hits="0"/><line number="112" hits="0"/><line number="113" hits="0"/><line number="114" hits="0"/><line number="118" hits="0"/><line number="130" hits="0"/><line number="131" hits="0"/><line number="132" hits="0"/><line number="134" hits="0"/><line number="135" hits="0"/><line number="137" hits="0"/><line number="139" hits="0"/><line number="140" hits="0"/><line number="142" hits="0"/><line number="143" hits="0"/><line number="144" hits="0"/><line number="145" hits="0"/><line number="147" hits="0"/><line number="150" hits="0"/><line number="151" hits="0"/><line number="152" hits="0"/><line number="153" hits="0"/><line number="154" hits="0"/><line number="155" hits="0"/><line number="160" hits="0"/><line number="161" hits="0"/><line number="162" hits="0"/><line number="163" hits="0"/><line number="164" hits="0"/><line number="165" hits="0"/><line number="166" hits="0"/><line number="169" hits="0"/><line number="170" hits="0"/><line number="171" hits="0"/><line number="172" hits="0"/><line number="173" hits="0"/><line number="176" hits="0"/><line number="178" hits="0"/><line number="180" hits="0"/><line number="181" hits="0"/><line number="185" hits="0"/><line number="186" hits="0"/><line number="190" hits="0"/><line number="191" hits="0"/><line number="192" hits="0"/><line number="193" hits="0"/><line number="194" hits="0"/><line number="197" hits="0"/><line number="199" hits="0"/><line number="200" hits="0"/><line number="201" hits="0"/><line number="204" hits="0"/><line number="208" hits="0"/><line number="210" hits="0"/><line number="212" hits="0"/><line number="215" hits="0"/><line number="217" hits="0"/><line number="222" hits="0"/><line number="225" hits="0"/><line number="226" hits="0"/><line number="227" hits="0"/><line number="228" hits="0"/><line number="229" hits="0"/><line number="230" hits="0"/><line number="232" hits="0"/><line number="234" hits="0"/><line number="235" hits="0"/><line number="236" hits="0"/><line number="237" hits="0"/><line number="238" hits="0"/><line number="241" hits="0"/><line number="242" hits="0"/><line number="246" hits="0"/><line number="248" hits="0"/><line number="250" hits="0"/><line number="251" hits="0"/><line number="255" hits="0"/><line number="257" hits="0"/><line number="262" hits="0"/><line number="265" hits="0"/><line number="272" hits="0"/><line number="274" hits="0"/><line number="275" hits="0"/><line number="276" hits="0"/><line number="277" hits="0"/><line number="280" hits="0"/><line number="281" hits="0"/><line number="285" hits="0"/><line number="286" hits="0"/><line number="287" hits="0"/><line number="288" hits="0"/><line number="289" hits="0"/><line number="290" hits="0"/><line number="293" hits="0"/><line number="294" hits="0"/><line number="295" hits="0"/><line number="296" hits="0"/><line number="300" hits="0"/><line number="301" hits="0"/><line number="302" hits="0"/><line number="315" hits="0"/><line number="316" hits="0"/><line number="318" hits="0"/><line number="322" hits="0"/><line number="323" hits="0"/><line number="329" hits="0"/><line number="330" hits="0"/><line number="331" hits="0"/><line number="332" hits="0"/><line number="335" hits="0"/></lines></class><class name="derive" filename="ic-canister/ic-canister-macros/src/derive.rs" line-rate="0" branch-rate="0" complexity="0"><methods/><lines><line number="10" hits="0"/><line number="11" hits="0"/><line number="13" hits="0"/><line number="14" hits="0"/><line number="17" hits="0"/><line number="19" hits="0"/><line number="21" hits="0"/><line number="22" hits="0"/><line number="23" hits="0"/><line number="26" hits="0"/><line number="27" hits="0"/><line number="28" hits="0"/><line number="32" hits="0"/><line number="33" hits="0"/><line number="34" hits="0"/><line number="35" hits="0"/><line number="36" hits="0"/><line number="37" hits="0"/><line number="38" hits="0"/><line number="39" hits="0"/><line number="40" hits="0"/><line number="42" hits="0"/><line number="43" hits="0"/><line number="44" hits="0"/><line number="46" hits="0"/><line number="50" hits="0"/><line number="53" hits="0"/><line number="54" hits="0"/><line number="57" hits="0"/><line number="58" hits="0"/><line number="59" hits="0"/><line number="62" hits="0"/><line number="63" hits="0"/><line number="64" hits="0"/><line number="65" hits="0"/><line number="67" hits="0"/><line number="68" hits="0"/><line number="71" hits="0"/><line number="72" hits="0"/><line number="75" hits="0"/><line number="76" hits="0"/><line number="77" hits="0"/><line number="79" hits="0"/><line number="80" hits="0"/><line number="81" hits="0"/><line number="83" hits="0"/><line number="84" hits="0"/><line number="85" hits="0"/><line number="86" hits="0"/><line number="91" hits="0"/><line number="93" hits="0"/><line number="96" hits="0"/><line number="97" hits="0"/><line number="98" hits="0"/><line number="99" hits="0"/><line number="102" hits="0"/><line number="103" hits="0"/><line number="105" hits="0"/><line number="108" hits="0"/><line number="109" hits="0"/><line number="111" hits="0"/><line number="114" hits="0"/><line number="115" hits="0"/><line number="116" hits="0"/><line number="117" hits="0"/><line number="118" hits="0"/><line number="119" hits="0"/><line number="120" hits="0"/><line number="124" hits="0"/><line number="125" hits="0"/><line number="126" hits="0"/><line number="129" hits="0"/><line number="130" hits="0"/><line number="131" hits="0"/><line number="132" hits="0"/><line number="133" hits="0"/><line number="134" hits="0"/><line number="137" hits="0"/><line number="138" hits="0"/><line number="139" hits="0"/><line number="140" hits="0"/><line number="143" hits="0"/><line number="144" hits="0"/><line number="145" hits="0"/><line number="148" hits="0"/><line number="149" hits="0"/><line number="150" hits="0"/><line number="152" hits="0"/><line number="153" hits="0"/><line number="154" hits="0"/><line number="155" hits="0"/><line number="157" hits="0"/><line number="158" hits="0"/><line number="159" hits="0"/><line number="162" hits="0"/><line number="163" hits="0"/><line number="167" hits="0"/><line number="171" hits="0"/><line number="174" hits="0"/><line number="178" hits="0"/><line number="179" hits="0"/><line number="180" hits="0"/><line number="183" hits="0"/><line number="184" hits="0"/><line number="185" hits="0"/><line number="188" hits="0"/><line number="190" hits="0"/><line number="191" hits="0"/><line number="192" hits="0"/><line number="193" hits="0"/><line number="195" hits="0"/><line number="197" hits="0"/><line number="200" hits="0"/><line number="201" hits="0"/><line number="202" hits="0"/><line number="204" hits="0"/><line number="205" hits="0"/><line number="206" hits="0"/><line number="209" hits="0"/><line number="212" hits="0"/><line number="213" hits="0"/><line number="214" hits="0"/><line number="215" hits="0"/><line number="218" hits="0"/><line number="219" hits="0"/><line number="220" hits="0"/><line number="221" hits="0"/><line number="224" hits="0"/><line number="225" hits="0"/><line number="226" hits="0"/><line number="227" hits="0"/><line number="228" hits="0"/><line number="231" hits="0"/><line number="232" hits="0"/><line number="233" hits="0"/><line number="234" hits="0"/><line number="235" hits="0"/><line number="242" hits="0"/><line number="243" hits="0"/><line number="244" hits="0"/><line number="245" hits="0"/><line number="247" hits="0"/><line number="248" hits="0"/><line number="249" hits="0"/><line number="253" hits="0"/><line number="254" hits="0"/><line number="255" hits="0"/><line number="260" hits="0"/><line number="261" hits="0"/><line number="262" hits="0"/><line number="266" hits="0"/><line number="267" hits="0"/><line number="268" hits="0"/><line number="271" hits="0"/><line number="274" hits="0"/><line number="275" hits="0"/><line number="278" hits="0"/><line number="279" hits="0"/><line number="282" hits="0"/><line number="283" hits="0"/><line number="284" hits="0"/><line number="287" hits="0"/><line number="288" hits="0"/><line number="289" hits="0"/><line number="290" hits="0"/><line number="291" hits="0"/><line number="292" hits="0"/><line number="294" hits="0"/><line number="295" hits="0"/><line number="298" hits="0"/><line number="301" hits="0"/><line number="303" hits="0"/><line number="304" hits="0"/><line number="305" hits="0"/><line number="309" hits="0"/><line number="310" hits="0"/><line number="313" hits="0"/><line number="314" hits="0"/><line number="315" hits="0"/><line number="319" hits="0"/><line number="320" hits="0"/><line number="322" hits="0"/><line number="323" hits="0"/><line number="324" hits="0"/><line number="328" hits="0"/><line number="329" hits="0"/><line number="332" hits="0"/><line number="333" hits="0"/><line number="334" hits="0"/><line number="338" hits="0"/><line number="339" hits="0"/><line number="340" hits="0"/><line number="341" hits="0"/><line number="344" hits="0"/><line number="346" hits="0"/><line number="347" hits="0"/><line number="348" hits="0"/><line number="351" hits="0"/><line number="352" hits="0"/><line number="355" hits="0"/><line number="356" hits="0"/><line number="357" hits="0"/><line number="360" hits="0"/><line number="361" hits="0"/><line number="364" hits="0"/><line number="365" hits="0"/><line number="366" hits="0"/><line number="370" hits="0"/><line number="371" hits="0"/><line number="374" hits="0"/><line number="375" hits="0"/><line number="376" hits="0"/><line number="377" hits="0"/><line number="378" hits="0"/><line number="379" hits="0"/><line number="380" hits="0"/></lines></class><class name="lib" filename="ic-canister/ic-canister-macros/src/lib.rs" line-rate="0" branch-rate="0" complexity="0"><methods/><lines><line number="18" hits="0"/><line number="19" hits="0"/><line number="50" hits="0"/><line number="51" hits="0"/><line number="64" hits="0"/><line number="65" hits="0"/><line number="78" hits="0"/><line number="79" hits="0"/><line number="89" hits="0"/><line number="90" hits="0"/><line number="99" hits="0"/><line number="100" hits="0"/><line number="108" hits="0"/><line number="109" hits="0"/><line number="117" hits="0"/><line number="118" hits="0"/><line number="126" hits="0"/><line number="127" hits="0"/><line number="135" hits="0"/><line number="136" hits="0"/><line number="154" hits="0"/><line number="155" hits="0"/><line number="159" hits="0"/><line number="160" hits="0"/><line number="165" hits="0"/><line number="166" hits="0"/></lines></class></classes></package><package name="ic-canister/tests/canister-c/src" line-rate="0" branch-rate="0" complexity="0"><classes></classes></package></packages></coverage>